Start testing: Feb 24 01:29 UTC
----------------------------------------------------------
1/50 Testing: Pivot.Empty
1/50 Test: Pivot.Empty
Command: "/usr/bin/valgrind" "--tool=memcheck" "--leak-check=yes" "--trace-children=no" "--error-exitcode=113" "/home/codio/workspace/hw3/hw3_tests/llrec_tests/llrec_tests" "--gtest_filter=Pivot.Empty"
Directory: /home/codio/workspace/hw3/hw3_tests/llrec_tests
"Pivot.Empty" start time: Feb 24 01:29 UTC
Output:
----------------------------------------------------------
==891== Memcheck, a memory error detector
==891== Copyright (C) 2002-2017, and GNU GPL'd, by Julian Seward et al.
==891== Using Valgrind-3.13.0 and LibVEX; rerun with -h for copyright info
==891== Command: /home/codio/workspace/hw3/hw3_tests/llrec_tests/llrec_tests --gtest_filter=Pivot.Empty
==891== 
Running main() from /home/codio/googletest/googletest/src/gtest_main.cc
Note: Google Test filter = Pivot.Empty
[==========] Running 1 test from 1 test suite.
[----------] Global test environment set-up.
[----------] 1 test from Pivot
[ RUN      ] Pivot.Empty
[       OK ] Pivot.Empty (19 ms)
[----------] 1 test from Pivot (28 ms total)

[----------] Global test environment tear-down
[==========] 1 test from 1 test suite ran. (78 ms total)
[  PASSED  ] 1 test.
==891== 
==891== HEAP SUMMARY:
==891==     in use at exit: 0 bytes in 0 blocks
==891==   total heap usage: 404 allocs, 404 frees, 133,083 bytes allocated
==891== 
==891== All heap blocks were freed -- no leaks are possible
==891== 
==891== For counts of detected and suppressed errors, rerun with: -v
==891== ERROR SUMMARY: 0 errors from 0 contexts (suppressed: 0 from 0)
<end of output>
Test time =   1.67 sec
----------------------------------------------------------
Test Passed.
"Pivot.Empty" end time: Feb 24 01:29 UTC
"Pivot.Empty" time elapsed: 00:00:01
----------------------------------------------------------

2/50 Testing: Pivot.Size1SmallEmpty
2/50 Test: Pivot.Size1SmallEmpty
Command: "/usr/bin/valgrind" "--tool=memcheck" "--leak-check=yes" "--trace-children=no" "--error-exitcode=113" "/home/codio/workspace/hw3/hw3_tests/llrec_tests/llrec_tests" "--gtest_filter=Pivot.Size1SmallEmpty"
Directory: /home/codio/workspace/hw3/hw3_tests/llrec_tests
"Pivot.Size1SmallEmpty" start time: Feb 24 01:29 UTC
Output:
----------------------------------------------------------
==892== Memcheck, a memory error detector
==892== Copyright (C) 2002-2017, and GNU GPL'd, by Julian Seward et al.
==892== Using Valgrind-3.13.0 and LibVEX; rerun with -h for copyright info
==892== Command: /home/codio/workspace/hw3/hw3_tests/llrec_tests/llrec_tests --gtest_filter=Pivot.Size1SmallEmpty
==892== 
Running main() from /home/codio/googletest/googletest/src/gtest_main.cc
Note: Google Test filter = Pivot.Size1SmallEmpty
[==========] Running 1 test from 1 test suite.
[----------] Global test environment set-up.
[----------] 1 test from Pivot
[ RUN      ] Pivot.Size1SmallEmpty
[       OK ] Pivot.Size1SmallEmpty (32 ms)
[----------] 1 test from Pivot (42 ms total)

[----------] Global test environment tear-down
[==========] 1 test from 1 test suite ran. (95 ms total)
[  PASSED  ] 1 test.
==892== 
==892== HEAP SUMMARY:
==892==     in use at exit: 0 bytes in 0 blocks
==892==   total heap usage: 413 allocs, 413 frees, 133,328 bytes allocated
==892== 
==892== All heap blocks were freed -- no leaks are possible
==892== 
==892== For counts of detected and suppressed errors, rerun with: -v
==892== ERROR SUMMARY: 0 errors from 0 contexts (suppressed: 0 from 0)
<end of output>
Test time =   1.46 sec
----------------------------------------------------------
Test Passed.
"Pivot.Size1SmallEmpty" end time: Feb 24 01:29 UTC
"Pivot.Size1SmallEmpty" time elapsed: 00:00:01
----------------------------------------------------------

3/50 Testing: Pivot.Size1LargeEmpty
3/50 Test: Pivot.Size1LargeEmpty
Command: "/usr/bin/valgrind" "--tool=memcheck" "--leak-check=yes" "--trace-children=no" "--error-exitcode=113" "/home/codio/workspace/hw3/hw3_tests/llrec_tests/llrec_tests" "--gtest_filter=Pivot.Size1LargeEmpty"
Directory: /home/codio/workspace/hw3/hw3_tests/llrec_tests
"Pivot.Size1LargeEmpty" start time: Feb 24 01:29 UTC
Output:
----------------------------------------------------------
==893== Memcheck, a memory error detector
==893== Copyright (C) 2002-2017, and GNU GPL'd, by Julian Seward et al.
==893== Using Valgrind-3.13.0 and LibVEX; rerun with -h for copyright info
==893== Command: /home/codio/workspace/hw3/hw3_tests/llrec_tests/llrec_tests --gtest_filter=Pivot.Size1LargeEmpty
==893== 
Running main() from /home/codio/googletest/googletest/src/gtest_main.cc
Note: Google Test filter = Pivot.Size1LargeEmpty
[==========] Running 1 test from 1 test suite.
[----------] Global test environment set-up.
[----------] 1 test from Pivot
[ RUN      ] Pivot.Size1LargeEmpty
[       OK ] Pivot.Size1LargeEmpty (31 ms)
[----------] 1 test from Pivot (40 ms total)

[----------] Global test environment tear-down
[==========] 1 test from 1 test suite ran. (92 ms total)
[  PASSED  ] 1 test.
==893== 
==893== HEAP SUMMARY:
==893==     in use at exit: 0 bytes in 0 blocks
==893==   total heap usage: 413 allocs, 413 frees, 133,328 bytes allocated
==893== 
==893== All heap blocks were freed -- no leaks are possible
==893== 
==893== For counts of detected and suppressed errors, rerun with: -v
==893== ERROR SUMMARY: 0 errors from 0 contexts (suppressed: 0 from 0)
<end of output>
Test time =   1.45 sec
----------------------------------------------------------
Test Passed.
"Pivot.Size1LargeEmpty" end time: Feb 24 01:29 UTC
"Pivot.Size1LargeEmpty" time elapsed: 00:00:01
----------------------------------------------------------

4/50 Testing: Pivot.Size2SmallLarge
4/50 Test: Pivot.Size2SmallLarge
Command: "/usr/bin/valgrind" "--tool=memcheck" "--leak-check=yes" "--trace-children=no" "--error-exitcode=113" "/home/codio/workspace/hw3/hw3_tests/llrec_tests/llrec_tests" "--gtest_filter=Pivot.Size2SmallLarge"
Directory: /home/codio/workspace/hw3/hw3_tests/llrec_tests
"Pivot.Size2SmallLarge" start time: Feb 24 01:29 UTC
Output:
----------------------------------------------------------
==894== Memcheck, a memory error detector
==894== Copyright (C) 2002-2017, and GNU GPL'd, by Julian Seward et al.
==894== Using Valgrind-3.13.0 and LibVEX; rerun with -h for copyright info
==894== Command: /home/codio/workspace/hw3/hw3_tests/llrec_tests/llrec_tests --gtest_filter=Pivot.Size2SmallLarge
==894== 
Running main() from /home/codio/googletest/googletest/src/gtest_main.cc
Note: Google Test filter = Pivot.Size2SmallLarge
[==========] Running 1 test from 1 test suite.
[----------] Global test environment set-up.
[----------] 1 test from Pivot
[ RUN      ] Pivot.Size2SmallLarge
[       OK ] Pivot.Size2SmallLarge (31 ms)
[----------] 1 test from Pivot (41 ms total)

[----------] Global test environment tear-down
[==========] 1 test from 1 test suite ran. (91 ms total)
[  PASSED  ] 1 test.
==894== 
==894== HEAP SUMMARY:
==894==     in use at exit: 0 bytes in 0 blocks
==894==   total heap usage: 415 allocs, 415 frees, 133,352 bytes allocated
==894== 
==894== All heap blocks were freed -- no leaks are possible
==894== 
==894== For counts of detected and suppressed errors, rerun with: -v
==894== ERROR SUMMARY: 0 errors from 0 contexts (suppressed: 0 from 0)
<end of output>
Test time =   1.44 sec
----------------------------------------------------------
Test Passed.
"Pivot.Size2SmallLarge" end time: Feb 24 01:29 UTC
"Pivot.Size2SmallLarge" time elapsed: 00:00:01
----------------------------------------------------------

5/50 Testing: Pivot.Size2LargeSmall
5/50 Test: Pivot.Size2LargeSmall
Command: "/usr/bin/valgrind" "--tool=memcheck" "--leak-check=yes" "--trace-children=no" "--error-exitcode=113" "/home/codio/workspace/hw3/hw3_tests/llrec_tests/llrec_tests" "--gtest_filter=Pivot.Size2LargeSmall"
Directory: /home/codio/workspace/hw3/hw3_tests/llrec_tests
"Pivot.Size2LargeSmall" start time: Feb 24 01:29 UTC
Output:
----------------------------------------------------------
==895== Memcheck, a memory error detector
==895== Copyright (C) 2002-2017, and GNU GPL'd, by Julian Seward et al.
==895== Using Valgrind-3.13.0 and LibVEX; rerun with -h for copyright info
==895== Command: /home/codio/workspace/hw3/hw3_tests/llrec_tests/llrec_tests --gtest_filter=Pivot.Size2LargeSmall
==895== 
Running main() from /home/codio/googletest/googletest/src/gtest_main.cc
Note: Google Test filter = Pivot.Size2LargeSmall
[==========] Running 1 test from 1 test suite.
[----------] Global test environment set-up.
[----------] 1 test from Pivot
[ RUN      ] Pivot.Size2LargeSmall
[       OK ] Pivot.Size2LargeSmall (30 ms)
[----------] 1 test from Pivot (39 ms total)

[----------] Global test environment tear-down
[==========] 1 test from 1 test suite ran. (88 ms total)
[  PASSED  ] 1 test.
==895== 
==895== HEAP SUMMARY:
==895==     in use at exit: 0 bytes in 0 blocks
==895==   total heap usage: 415 allocs, 415 frees, 133,352 bytes allocated
==895== 
==895== All heap blocks were freed -- no leaks are possible
==895== 
==895== For counts of detected and suppressed errors, rerun with: -v
==895== ERROR SUMMARY: 0 errors from 0 contexts (suppressed: 0 from 0)
<end of output>
Test time =   1.45 sec
----------------------------------------------------------
Test Passed.
"Pivot.Size2LargeSmall" end time: Feb 24 01:29 UTC
"Pivot.Size2LargeSmall" time elapsed: 00:00:01
----------------------------------------------------------

6/50 Testing: Pivot.Size3LargeSmallLarge
6/50 Test: Pivot.Size3LargeSmallLarge
Command: "/usr/bin/valgrind" "--tool=memcheck" "--leak-check=yes" "--trace-children=no" "--error-exitcode=113" "/home/codio/workspace/hw3/hw3_tests/llrec_tests/llrec_tests" "--gtest_filter=Pivot.Size3LargeSmallLarge"
Directory: /home/codio/workspace/hw3/hw3_tests/llrec_tests
"Pivot.Size3LargeSmallLarge" start time: Feb 24 01:29 UTC
Output:
----------------------------------------------------------
==896== Memcheck, a memory error detector
==896== Copyright (C) 2002-2017, and GNU GPL'd, by Julian Seward et al.
==896== Using Valgrind-3.13.0 and LibVEX; rerun with -h for copyright info
==896== Command: /home/codio/workspace/hw3/hw3_tests/llrec_tests/llrec_tests --gtest_filter=Pivot.Size3LargeSmallLarge
==896== 
Running main() from /home/codio/googletest/googletest/src/gtest_main.cc
Note: Google Test filter = Pivot.Size3LargeSmallLarge
[==========] Running 1 test from 1 test suite.
[----------] Global test environment set-up.
[----------] 1 test from Pivot
[ RUN      ] Pivot.Size3LargeSmallLarge
[       OK ] Pivot.Size3LargeSmallLarge (31 ms)
[----------] 1 test from Pivot (40 ms total)

[----------] Global test environment tear-down
[==========] 1 test from 1 test suite ran. (91 ms total)
[  PASSED  ] 1 test.
==896== 
==896== HEAP SUMMARY:
==896==     in use at exit: 0 bytes in 0 blocks
==896==   total heap usage: 416 allocs, 416 frees, 133,426 bytes allocated
==896== 
==896== All heap blocks were freed -- no leaks are possible
==896== 
==896== For counts of detected and suppressed errors, rerun with: -v
==896== ERROR SUMMARY: 0 errors from 0 contexts (suppressed: 0 from 0)
<end of output>
Test time =   1.44 sec
----------------------------------------------------------
Test Passed.
"Pivot.Size3LargeSmallLarge" end time: Feb 24 01:29 UTC
"Pivot.Size3LargeSmallLarge" time elapsed: 00:00:01
----------------------------------------------------------

7/50 Testing: Pivot.Size3SmallLargeSmall
7/50 Test: Pivot.Size3SmallLargeSmall
Command: "/usr/bin/valgrind" "--tool=memcheck" "--leak-check=yes" "--trace-children=no" "--error-exitcode=113" "/home/codio/workspace/hw3/hw3_tests/llrec_tests/llrec_tests" "--gtest_filter=Pivot.Size3SmallLargeSmall"
Directory: /home/codio/workspace/hw3/hw3_tests/llrec_tests
"Pivot.Size3SmallLargeSmall" start time: Feb 24 01:29 UTC
Output:
----------------------------------------------------------
==897== Memcheck, a memory error detector
==897== Copyright (C) 2002-2017, and GNU GPL'd, by Julian Seward et al.
==897== Using Valgrind-3.13.0 and LibVEX; rerun with -h for copyright info
==897== Command: /home/codio/workspace/hw3/hw3_tests/llrec_tests/llrec_tests --gtest_filter=Pivot.Size3SmallLargeSmall
==897== 
Running main() from /home/codio/googletest/googletest/src/gtest_main.cc
Note: Google Test filter = Pivot.Size3SmallLargeSmall
[==========] Running 1 test from 1 test suite.
[----------] Global test environment set-up.
[----------] 1 test from Pivot
[ RUN      ] Pivot.Size3SmallLargeSmall
[       OK ] Pivot.Size3SmallLargeSmall (30 ms)
[----------] 1 test from Pivot (39 ms total)

[----------] Global test environment tear-down
[==========] 1 test from 1 test suite ran. (89 ms total)
[  PASSED  ] 1 test.
==897== 
==897== HEAP SUMMARY:
==897==     in use at exit: 0 bytes in 0 blocks
==897==   total heap usage: 416 allocs, 416 frees, 133,426 bytes allocated
==897== 
==897== All heap blocks were freed -- no leaks are possible
==897== 
==897== For counts of detected and suppressed errors, rerun with: -v
==897== ERROR SUMMARY: 0 errors from 0 contexts (suppressed: 0 from 0)
<end of output>
Test time =   1.45 sec
----------------------------------------------------------
Test Passed.
"Pivot.Size3SmallLargeSmall" end time: Feb 24 01:29 UTC
"Pivot.Size3SmallLargeSmall" time elapsed: 00:00:01
----------------------------------------------------------

8/50 Testing: Pivot.Size3LargeLargeSmall
8/50 Test: Pivot.Size3LargeLargeSmall
Command: "/usr/bin/valgrind" "--tool=memcheck" "--leak-check=yes" "--trace-children=no" "--error-exitcode=113" "/home/codio/workspace/hw3/hw3_tests/llrec_tests/llrec_tests" "--gtest_filter=Pivot.Size3LargeLargeSmall"
Directory: /home/codio/workspace/hw3/hw3_tests/llrec_tests
"Pivot.Size3LargeLargeSmall" start time: Feb 24 01:29 UTC
Output:
----------------------------------------------------------
==898== Memcheck, a memory error detector
==898== Copyright (C) 2002-2017, and GNU GPL'd, by Julian Seward et al.
==898== Using Valgrind-3.13.0 and LibVEX; rerun with -h for copyright info
==898== Command: /home/codio/workspace/hw3/hw3_tests/llrec_tests/llrec_tests --gtest_filter=Pivot.Size3LargeLargeSmall
==898== 
Running main() from /home/codio/googletest/googletest/src/gtest_main.cc
Note: Google Test filter = Pivot.Size3LargeLargeSmall
[==========] Running 1 test from 1 test suite.
[----------] Global test environment set-up.
[----------] 1 test from Pivot
[ RUN      ] Pivot.Size3LargeLargeSmall
[       OK ] Pivot.Size3LargeLargeSmall (32 ms)
[----------] 1 test from Pivot (41 ms total)

[----------] Global test environment tear-down
[==========] 1 test from 1 test suite ran. (93 ms total)
[  PASSED  ] 1 test.
==898== 
==898== HEAP SUMMARY:
==898==     in use at exit: 0 bytes in 0 blocks
==898==   total heap usage: 416 allocs, 416 frees, 133,426 bytes allocated
==898== 
==898== All heap blocks were freed -- no leaks are possible
==898== 
==898== For counts of detected and suppressed errors, rerun with: -v
==898== ERROR SUMMARY: 0 errors from 0 contexts (suppressed: 0 from 0)
<end of output>
Test time =   1.45 sec
----------------------------------------------------------
Test Passed.
"Pivot.Size3LargeLargeSmall" end time: Feb 24 01:29 UTC
"Pivot.Size3LargeLargeSmall" time elapsed: 00:00:01
----------------------------------------------------------

9/50 Testing: Pivot.Size6SmallThenLarge
9/50 Test: Pivot.Size6SmallThenLarge
Command: "/usr/bin/valgrind" "--tool=memcheck" "--leak-check=yes" "--trace-children=no" "--error-exitcode=113" "/home/codio/workspace/hw3/hw3_tests/llrec_tests/llrec_tests" "--gtest_filter=Pivot.Size6SmallThenLarge"
Directory: /home/codio/workspace/hw3/hw3_tests/llrec_tests
"Pivot.Size6SmallThenLarge" start time: Feb 24 01:29 UTC
Output:
----------------------------------------------------------
==899== Memcheck, a memory error detector
==899== Copyright (C) 2002-2017, and GNU GPL'd, by Julian Seward et al.
==899== Using Valgrind-3.13.0 and LibVEX; rerun with -h for copyright info
==899== Command: /home/codio/workspace/hw3/hw3_tests/llrec_tests/llrec_tests --gtest_filter=Pivot.Size6SmallThenLarge
==899== 
Running main() from /home/codio/googletest/googletest/src/gtest_main.cc
Note: Google Test filter = Pivot.Size6SmallThenLarge
[==========] Running 1 test from 1 test suite.
[----------] Global test environment set-up.
[----------] 1 test from Pivot
[ RUN      ] Pivot.Size6SmallThenLarge
[       OK ] Pivot.Size6SmallThenLarge (32 ms)
[----------] 1 test from Pivot (41 ms total)

[----------] Global test environment tear-down
[==========] 1 test from 1 test suite ran. (92 ms total)
[  PASSED  ] 1 test.
==899== 
==899== HEAP SUMMARY:
==899==     in use at exit: 0 bytes in 0 blocks
==899==   total heap usage: 419 allocs, 419 frees, 133,488 bytes allocated
==899== 
==899== All heap blocks were freed -- no leaks are possible
==899== 
==899== For counts of detected and suppressed errors, rerun with: -v
==899== ERROR SUMMARY: 0 errors from 0 contexts (suppressed: 0 from 0)
<end of output>
Test time =   1.44 sec
----------------------------------------------------------
Test Passed.
"Pivot.Size6SmallThenLarge" end time: Feb 24 01:29 UTC
"Pivot.Size6SmallThenLarge" time elapsed: 00:00:01
----------------------------------------------------------

10/50 Testing: Pivot.Size6LargeThenSmall
10/50 Test: Pivot.Size6LargeThenSmall
Command: "/usr/bin/valgrind" "--tool=memcheck" "--leak-check=yes" "--trace-children=no" "--error-exitcode=113" "/home/codio/workspace/hw3/hw3_tests/llrec_tests/llrec_tests" "--gtest_filter=Pivot.Size6LargeThenSmall"
Directory: /home/codio/workspace/hw3/hw3_tests/llrec_tests
"Pivot.Size6LargeThenSmall" start time: Feb 24 01:29 UTC
Output:
----------------------------------------------------------
==900== Memcheck, a memory error detector
==900== Copyright (C) 2002-2017, and GNU GPL'd, by Julian Seward et al.
==900== Using Valgrind-3.13.0 and LibVEX; rerun with -h for copyright info
==900== Command: /home/codio/workspace/hw3/hw3_tests/llrec_tests/llrec_tests --gtest_filter=Pivot.Size6LargeThenSmall
==900== 
Running main() from /home/codio/googletest/googletest/src/gtest_main.cc
Note: Google Test filter = Pivot.Size6LargeThenSmall
[==========] Running 1 test from 1 test suite.
[----------] Global test environment set-up.
[----------] 1 test from Pivot
[ RUN      ] Pivot.Size6LargeThenSmall
[       OK ] Pivot.Size6LargeThenSmall (31 ms)
[----------] 1 test from Pivot (40 ms total)

[----------] Global test environment tear-down
[==========] 1 test from 1 test suite ran. (91 ms total)
[  PASSED  ] 1 test.
==900== 
==900== HEAP SUMMARY:
==900==     in use at exit: 0 bytes in 0 blocks
==900==   total heap usage: 419 allocs, 419 frees, 133,488 bytes allocated
==900== 
==900== All heap blocks were freed -- no leaks are possible
==900== 
==900== For counts of detected and suppressed errors, rerun with: -v
==900== ERROR SUMMARY: 0 errors from 0 contexts (suppressed: 0 from 0)
<end of output>
Test time =   1.53 sec
----------------------------------------------------------
Test Passed.
"Pivot.Size6LargeThenSmall" end time: Feb 24 01:29 UTC
"Pivot.Size6LargeThenSmall" time elapsed: 00:00:01
----------------------------------------------------------

11/50 Testing: Pivot.Nominal
11/50 Test: Pivot.Nominal
Command: "/usr/bin/valgrind" "--tool=memcheck" "--leak-check=yes" "--trace-children=no" "--error-exitcode=113" "/home/codio/workspace/hw3/hw3_tests/llrec_tests/llrec_tests" "--gtest_filter=Pivot.Nominal"
Directory: /home/codio/workspace/hw3/hw3_tests/llrec_tests
"Pivot.Nominal" start time: Feb 24 01:29 UTC
Output:
----------------------------------------------------------
==901== Memcheck, a memory error detector
==901== Copyright (C) 2002-2017, and GNU GPL'd, by Julian Seward et al.
==901== Using Valgrind-3.13.0 and LibVEX; rerun with -h for copyright info
==901== Command: /home/codio/workspace/hw3/hw3_tests/llrec_tests/llrec_tests --gtest_filter=Pivot.Nominal
==901== 
Running main() from /home/codio/googletest/googletest/src/gtest_main.cc
Note: Google Test filter = Pivot.Nominal
[==========] Running 1 test from 1 test suite.
[----------] Global test environment set-up.
[----------] 1 test from Pivot
[ RUN      ] Pivot.Nominal
[       OK ] Pivot.Nominal (31 ms)
[----------] 1 test from Pivot (40 ms total)

[----------] Global test environment tear-down
[==========] 1 test from 1 test suite ran. (90 ms total)
[  PASSED  ] 1 test.
==901== 
==901== HEAP SUMMARY:
==901==     in use at exit: 0 bytes in 0 blocks
==901==   total heap usage: 411 allocs, 411 frees, 133,189 bytes allocated
==901== 
==901== All heap blocks were freed -- no leaks are possible
==901== 
==901== For counts of detected and suppressed errors, rerun with: -v
==901== ERROR SUMMARY: 0 errors from 0 contexts (suppressed: 0 from 0)
<end of output>
Test time =   1.44 sec
----------------------------------------------------------
Test Passed.
"Pivot.Nominal" end time: Feb 24 01:29 UTC
"Pivot.Nominal" time elapsed: 00:00:01
----------------------------------------------------------

12/50 Testing: Pivot.SameValues
12/50 Test: Pivot.SameValues
Command: "/usr/bin/valgrind" "--tool=memcheck" "--leak-check=yes" "--trace-children=no" "--error-exitcode=113" "/home/codio/workspace/hw3/hw3_tests/llrec_tests/llrec_tests" "--gtest_filter=Pivot.SameValues"
Directory: /home/codio/workspace/hw3/hw3_tests/llrec_tests
"Pivot.SameValues" start time: Feb 24 01:29 UTC
Output:
----------------------------------------------------------
==902== Memcheck, a memory error detector
==902== Copyright (C) 2002-2017, and GNU GPL'd, by Julian Seward et al.
==902== Using Valgrind-3.13.0 and LibVEX; rerun with -h for copyright info
==902== Command: /home/codio/workspace/hw3/hw3_tests/llrec_tests/llrec_tests --gtest_filter=Pivot.SameValues
==902== 
Running main() from /home/codio/googletest/googletest/src/gtest_main.cc
Note: Google Test filter = Pivot.SameValues
[==========] Running 1 test from 1 test suite.
[----------] Global test environment set-up.
[----------] 1 test from Pivot
[ RUN      ] Pivot.SameValues
[       OK ] Pivot.SameValues (30 ms)
[----------] 1 test from Pivot (40 ms total)

[----------] Global test environment tear-down
[==========] 1 test from 1 test suite ran. (90 ms total)
[  PASSED  ] 1 test.
==902== 
==902== HEAP SUMMARY:
==902==     in use at exit: 0 bytes in 0 blocks
==902==   total heap usage: 416 allocs, 416 frees, 133,350 bytes allocated
==902== 
==902== All heap blocks were freed -- no leaks are possible
==902== 
==902== For counts of detected and suppressed errors, rerun with: -v
==902== ERROR SUMMARY: 0 errors from 0 contexts (suppressed: 0 from 0)
<end of output>
Test time =   1.53 sec
----------------------------------------------------------
Test Passed.
"Pivot.SameValues" end time: Feb 24 01:29 UTC
"Pivot.SameValues" time elapsed: 00:00:01
----------------------------------------------------------

13/50 Testing: Pivot.NoCopySameNodeCheck
13/50 Test: Pivot.NoCopySameNodeCheck
Command: "/usr/bin/valgrind" "--tool=memcheck" "--leak-check=yes" "--trace-children=no" "--error-exitcode=113" "/home/codio/workspace/hw3/hw3_tests/llrec_tests/llrec_tests" "--gtest_filter=Pivot.NoCopySameNodeCheck"
Directory: /home/codio/workspace/hw3/hw3_tests/llrec_tests
"Pivot.NoCopySameNodeCheck" start time: Feb 24 01:29 UTC
Output:
----------------------------------------------------------
==903== Memcheck, a memory error detector
==903== Copyright (C) 2002-2017, and GNU GPL'd, by Julian Seward et al.
==903== Using Valgrind-3.13.0 and LibVEX; rerun with -h for copyright info
==903== Command: /home/codio/workspace/hw3/hw3_tests/llrec_tests/llrec_tests --gtest_filter=Pivot.NoCopySameNodeCheck
==903== 
Running main() from /home/codio/googletest/googletest/src/gtest_main.cc
Note: Google Test filter = Pivot.NoCopySameNodeCheck
[==========] Running 1 test from 1 test suite.
[----------] Global test environment set-up.
[----------] 1 test from Pivot
[ RUN      ] Pivot.NoCopySameNodeCheck
[       OK ] Pivot.NoCopySameNodeCheck (48 ms)
[----------] 1 test from Pivot (59 ms total)

[----------] Global test environment tear-down
[==========] 1 test from 1 test suite ran. (113 ms total)
[  PASSED  ] 1 test.
==903== 
==903== HEAP SUMMARY:
==903==     in use at exit: 0 bytes in 0 blocks
==903==   total heap usage: 420 allocs, 420 frees, 133,496 bytes allocated
==903== 
==903== All heap blocks were freed -- no leaks are possible
==903== 
==903== For counts of detected and suppressed errors, rerun with: -v
==903== ERROR SUMMARY: 0 errors from 0 contexts (suppressed: 0 from 0)
<end of output>
Test time =   1.55 sec
----------------------------------------------------------
Test Passed.
"Pivot.NoCopySameNodeCheck" end time: Feb 24 01:29 UTC
"Pivot.NoCopySameNodeCheck" time elapsed: 00:00:01
----------------------------------------------------------

14/50 Testing: Filter.EmptyList
14/50 Test: Filter.EmptyList
Command: "/usr/bin/valgrind" "--tool=memcheck" "--leak-check=yes" "--trace-children=no" "--error-exitcode=113" "/home/codio/workspace/hw3/hw3_tests/llrec_tests/llrec_tests" "--gtest_filter=Filter.EmptyList"
Directory: /home/codio/workspace/hw3/hw3_tests/llrec_tests
"Filter.EmptyList" start time: Feb 24 01:29 UTC
Output:
----------------------------------------------------------
==904== Memcheck, a memory error detector
==904== Copyright (C) 2002-2017, and GNU GPL'd, by Julian Seward et al.
==904== Using Valgrind-3.13.0 and LibVEX; rerun with -h for copyright info
==904== Command: /home/codio/workspace/hw3/hw3_tests/llrec_tests/llrec_tests --gtest_filter=Filter.EmptyList
==904== 
Running main() from /home/codio/googletest/googletest/src/gtest_main.cc
Note: Google Test filter = Filter.EmptyList
[==========] Running 1 test from 1 test suite.
[----------] Global test environment set-up.
[----------] 1 test from Filter
[ RUN      ] Filter.EmptyList
[       OK ] Filter.EmptyList (25 ms)
[----------] 1 test from Filter (35 ms total)

[----------] Global test environment tear-down
[==========] 1 test from 1 test suite ran. (94 ms total)
[  PASSED  ] 1 test.
==904== 
==904== HEAP SUMMARY:
==904==     in use at exit: 0 bytes in 0 blocks
==904==   total heap usage: 410 allocs, 410 frees, 133,254 bytes allocated
==904== 
==904== All heap blocks were freed -- no leaks are possible
==904== 
==904== For counts of detected and suppressed errors, rerun with: -v
==904== ERROR SUMMARY: 0 errors from 0 contexts (suppressed: 0 from 0)
<end of output>
Test time =   1.67 sec
----------------------------------------------------------
Test Passed.
"Filter.EmptyList" end time: Feb 24 01:29 UTC
"Filter.EmptyList" time elapsed: 00:00:01
----------------------------------------------------------

15/50 Testing: Filter.Size1_F
15/50 Test: Filter.Size1_F
Command: "/usr/bin/valgrind" "--tool=memcheck" "--leak-check=yes" "--trace-children=no" "--error-exitcode=113" "/home/codio/workspace/hw3/hw3_tests/llrec_tests/llrec_tests" "--gtest_filter=Filter.Size1_F"
Directory: /home/codio/workspace/hw3/hw3_tests/llrec_tests
"Filter.Size1_F" start time: Feb 24 01:29 UTC
Output:
----------------------------------------------------------
==905== Memcheck, a memory error detector
==905== Copyright (C) 2002-2017, and GNU GPL'd, by Julian Seward et al.
==905== Using Valgrind-3.13.0 and LibVEX; rerun with -h for copyright info
==905== Command: /home/codio/workspace/hw3/hw3_tests/llrec_tests/llrec_tests --gtest_filter=Filter.Size1_F
==905== 
Running main() from /home/codio/googletest/googletest/src/gtest_main.cc
Note: Google Test filter = Filter.Size1_F
[==========] Running 1 test from 1 test suite.
[----------] Global test environment set-up.
[----------] 1 test from Filter
[ RUN      ] Filter.Size1_F
[       OK ] Filter.Size1_F (35 ms)
[----------] 1 test from Filter (47 ms total)

[----------] Global test environment tear-down
[==========] 1 test from 1 test suite ran. (107 ms total)
[  PASSED  ] 1 test.
==905== 
==905== HEAP SUMMARY:
==905==     in use at exit: 0 bytes in 0 blocks
==905==   total heap usage: 407 allocs, 407 frees, 133,122 bytes allocated
==905== 
==905== All heap blocks were freed -- no leaks are possible
==905== 
==905== For counts of detected and suppressed errors, rerun with: -v
==905== ERROR SUMMARY: 0 errors from 0 contexts (suppressed: 0 from 0)
<end of output>
Test time =   1.55 sec
----------------------------------------------------------
Test Passed.
"Filter.Size1_F" end time: Feb 24 01:29 UTC
"Filter.Size1_F" time elapsed: 00:00:01
----------------------------------------------------------

16/50 Testing: Filter.Size1_nF
16/50 Test: Filter.Size1_nF
Command: "/usr/bin/valgrind" "--tool=memcheck" "--leak-check=yes" "--trace-children=no" "--error-exitcode=113" "/home/codio/workspace/hw3/hw3_tests/llrec_tests/llrec_tests" "--gtest_filter=Filter.Size1_nF"
Directory: /home/codio/workspace/hw3/hw3_tests/llrec_tests
"Filter.Size1_nF" start time: Feb 24 01:29 UTC
Output:
----------------------------------------------------------
==906== Memcheck, a memory error detector
==906== Copyright (C) 2002-2017, and GNU GPL'd, by Julian Seward et al.
==906== Using Valgrind-3.13.0 and LibVEX; rerun with -h for copyright info
==906== Command: /home/codio/workspace/hw3/hw3_tests/llrec_tests/llrec_tests --gtest_filter=Filter.Size1_nF
==906== 
Running main() from /home/codio/googletest/googletest/src/gtest_main.cc
Note: Google Test filter = Filter.Size1_nF
[==========] Running 1 test from 1 test suite.
[----------] Global test environment set-up.
[----------] 1 test from Filter
[ RUN      ] Filter.Size1_nF
[       OK ] Filter.Size1_nF (31 ms)
[----------] 1 test from Filter (40 ms total)

[----------] Global test environment tear-down
[==========] 1 test from 1 test suite ran. (93 ms total)
[  PASSED  ] 1 test.
==906== 
==906== HEAP SUMMARY:
==906==     in use at exit: 0 bytes in 0 blocks
==906==   total heap usage: 408 allocs, 408 frees, 133,131 bytes allocated
==906== 
==906== All heap blocks were freed -- no leaks are possible
==906== 
==906== For counts of detected and suppressed errors, rerun with: -v
==906== ERROR SUMMARY: 0 errors from 0 contexts (suppressed: 0 from 0)
<end of output>
Test time =   1.63 sec
----------------------------------------------------------
Test Passed.
"Filter.Size1_nF" end time: Feb 24 01:29 UTC
"Filter.Size1_nF" time elapsed: 00:00:01
----------------------------------------------------------

17/50 Testing: Filter.Size2_F_nF
17/50 Test: Filter.Size2_F_nF
Command: "/usr/bin/valgrind" "--tool=memcheck" "--leak-check=yes" "--trace-children=no" "--error-exitcode=113" "/home/codio/workspace/hw3/hw3_tests/llrec_tests/llrec_tests" "--gtest_filter=Filter.Size2_F_nF"
Directory: /home/codio/workspace/hw3/hw3_tests/llrec_tests
"Filter.Size2_F_nF" start time: Feb 24 01:29 UTC
Output:
----------------------------------------------------------
==907== Memcheck, a memory error detector
==907== Copyright (C) 2002-2017, and GNU GPL'd, by Julian Seward et al.
==907== Using Valgrind-3.13.0 and LibVEX; rerun with -h for copyright info
==907== Command: /home/codio/workspace/hw3/hw3_tests/llrec_tests/llrec_tests --gtest_filter=Filter.Size2_F_nF
==907== 
Running main() from /home/codio/googletest/googletest/src/gtest_main.cc
Note: Google Test filter = Filter.Size2_F_nF
[==========] Running 1 test from 1 test suite.
[----------] Global test environment set-up.
[----------] 1 test from Filter
[ RUN      ] Filter.Size2_F_nF
[       OK ] Filter.Size2_F_nF (30 ms)
[----------] 1 test from Filter (39 ms total)

[----------] Global test environment tear-down
[==========] 1 test from 1 test suite ran. (88 ms total)
[  PASSED  ] 1 test.
==907== 
==907== HEAP SUMMARY:
==907==     in use at exit: 0 bytes in 0 blocks
==907==   total heap usage: 415 allocs, 415 frees, 133,316 bytes allocated
==907== 
==907== All heap blocks were freed -- no leaks are possible
==907== 
==907== For counts of detected and suppressed errors, rerun with: -v
==907== ERROR SUMMARY: 0 errors from 0 contexts (suppressed: 0 from 0)
<end of output>
Test time =   1.43 sec
----------------------------------------------------------
Test Passed.
"Filter.Size2_F_nF" end time: Feb 24 01:29 UTC
"Filter.Size2_F_nF" time elapsed: 00:00:01
----------------------------------------------------------

18/50 Testing: Filter.Size2_nF_F
18/50 Test: Filter.Size2_nF_F
Command: "/usr/bin/valgrind" "--tool=memcheck" "--leak-check=yes" "--trace-children=no" "--error-exitcode=113" "/home/codio/workspace/hw3/hw3_tests/llrec_tests/llrec_tests" "--gtest_filter=Filter.Size2_nF_F"
Directory: /home/codio/workspace/hw3/hw3_tests/llrec_tests
"Filter.Size2_nF_F" start time: Feb 24 01:29 UTC
Output:
----------------------------------------------------------
==908== Memcheck, a memory error detector
==908== Copyright (C) 2002-2017, and GNU GPL'd, by Julian Seward et al.
==908== Using Valgrind-3.13.0 and LibVEX; rerun with -h for copyright info
==908== Command: /home/codio/workspace/hw3/hw3_tests/llrec_tests/llrec_tests --gtest_filter=Filter.Size2_nF_F
==908== 
Running main() from /home/codio/googletest/googletest/src/gtest_main.cc
Note: Google Test filter = Filter.Size2_nF_F
[==========] Running 1 test from 1 test suite.
[----------] Global test environment set-up.
[----------] 1 test from Filter
[ RUN      ] Filter.Size2_nF_F
[       OK ] Filter.Size2_nF_F (29 ms)
[----------] 1 test from Filter (38 ms total)

[----------] Global test environment tear-down
[==========] 1 test from 1 test suite ran. (89 ms total)
[  PASSED  ] 1 test.
==908== 
==908== HEAP SUMMARY:
==908==     in use at exit: 0 bytes in 0 blocks
==908==   total heap usage: 414 allocs, 414 frees, 133,308 bytes allocated
==908== 
==908== All heap blocks were freed -- no leaks are possible
==908== 
==908== For counts of detected and suppressed errors, rerun with: -v
==908== ERROR SUMMARY: 0 errors from 0 contexts (suppressed: 0 from 0)
<end of output>
Test time =   1.44 sec
----------------------------------------------------------
Test Passed.
"Filter.Size2_nF_F" end time: Feb 24 01:29 UTC
"Filter.Size2_nF_F" time elapsed: 00:00:01
----------------------------------------------------------

19/50 Testing: Filter.Size3_nF_F_nF
19/50 Test: Filter.Size3_nF_F_nF
Command: "/usr/bin/valgrind" "--tool=memcheck" "--leak-check=yes" "--trace-children=no" "--error-exitcode=113" "/home/codio/workspace/hw3/hw3_tests/llrec_tests/llrec_tests" "--gtest_filter=Filter.Size3_nF_F_nF"
Directory: /home/codio/workspace/hw3/hw3_tests/llrec_tests
"Filter.Size3_nF_F_nF" start time: Feb 24 01:29 UTC
Output:
----------------------------------------------------------
==909== Memcheck, a memory error detector
==909== Copyright (C) 2002-2017, and GNU GPL'd, by Julian Seward et al.
==909== Using Valgrind-3.13.0 and LibVEX; rerun with -h for copyright info
==909== Command: /home/codio/workspace/hw3/hw3_tests/llrec_tests/llrec_tests --gtest_filter=Filter.Size3_nF_F_nF
==909== 
Running main() from /home/codio/googletest/googletest/src/gtest_main.cc
Note: Google Test filter = Filter.Size3_nF_F_nF
[==========] Running 1 test from 1 test suite.
[----------] Global test environment set-up.
[----------] 1 test from Filter
[ RUN      ] Filter.Size3_nF_F_nF
[       OK ] Filter.Size3_nF_F_nF (30 ms)
[----------] 1 test from Filter (39 ms total)

[----------] Global test environment tear-down
[==========] 1 test from 1 test suite ran. (90 ms total)
[  PASSED  ] 1 test.
==909== 
==909== HEAP SUMMARY:
==909==     in use at exit: 0 bytes in 0 blocks
==909==   total heap usage: 415 allocs, 415 frees, 133,362 bytes allocated
==909== 
==909== All heap blocks were freed -- no leaks are possible
==909== 
==909== For counts of detected and suppressed errors, rerun with: -v
==909== ERROR SUMMARY: 0 errors from 0 contexts (suppressed: 0 from 0)
<end of output>
Test time =   1.47 sec
----------------------------------------------------------
Test Passed.
"Filter.Size3_nF_F_nF" end time: Feb 24 01:29 UTC
"Filter.Size3_nF_F_nF" time elapsed: 00:00:01
----------------------------------------------------------

20/50 Testing: Filter.Size3_F_nF_F
20/50 Test: Filter.Size3_F_nF_F
Command: "/usr/bin/valgrind" "--tool=memcheck" "--leak-check=yes" "--trace-children=no" "--error-exitcode=113" "/home/codio/workspace/hw3/hw3_tests/llrec_tests/llrec_tests" "--gtest_filter=Filter.Size3_F_nF_F"
Directory: /home/codio/workspace/hw3/hw3_tests/llrec_tests
"Filter.Size3_F_nF_F" start time: Feb 24 01:29 UTC
Output:
----------------------------------------------------------
==910== Memcheck, a memory error detector
==910== Copyright (C) 2002-2017, and GNU GPL'd, by Julian Seward et al.
==910== Using Valgrind-3.13.0 and LibVEX; rerun with -h for copyright info
==910== Command: /home/codio/workspace/hw3/hw3_tests/llrec_tests/llrec_tests --gtest_filter=Filter.Size3_F_nF_F
==910== 
Running main() from /home/codio/googletest/googletest/src/gtest_main.cc
Note: Google Test filter = Filter.Size3_F_nF_F
[==========] Running 1 test from 1 test suite.
[----------] Global test environment set-up.
[----------] 1 test from Filter
[ RUN      ] Filter.Size3_F_nF_F
[       OK ] Filter.Size3_F_nF_F (28 ms)
[----------] 1 test from Filter (37 ms total)

[----------] Global test environment tear-down
[==========] 1 test from 1 test suite ran. (87 ms total)
[  PASSED  ] 1 test.
==910== 
==910== HEAP SUMMARY:
==910==     in use at exit: 0 bytes in 0 blocks
==910==   total heap usage: 415 allocs, 415 frees, 133,348 bytes allocated
==910== 
==910== All heap blocks were freed -- no leaks are possible
==910== 
==910== For counts of detected and suppressed errors, rerun with: -v
==910== ERROR SUMMARY: 0 errors from 0 contexts (suppressed: 0 from 0)
<end of output>
Test time =   1.45 sec
----------------------------------------------------------
Test Passed.
"Filter.Size3_F_nF_F" end time: Feb 24 01:29 UTC
"Filter.Size3_F_nF_F" time elapsed: 00:00:01
----------------------------------------------------------

21/50 Testing: Filter.SameNodeCheck
21/50 Test: Filter.SameNodeCheck
Command: "/usr/bin/valgrind" "--tool=memcheck" "--leak-check=yes" "--trace-children=no" "--error-exitcode=113" "/home/codio/workspace/hw3/hw3_tests/llrec_tests/llrec_tests" "--gtest_filter=Filter.SameNodeCheck"
Directory: /home/codio/workspace/hw3/hw3_tests/llrec_tests
"Filter.SameNodeCheck" start time: Feb 24 01:29 UTC
Output:
----------------------------------------------------------
==911== Memcheck, a memory error detector
==911== Copyright (C) 2002-2017, and GNU GPL'd, by Julian Seward et al.
==911== Using Valgrind-3.13.0 and LibVEX; rerun with -h for copyright info
==911== Command: /home/codio/workspace/hw3/hw3_tests/llrec_tests/llrec_tests --gtest_filter=Filter.SameNodeCheck
==911== 
Running main() from /home/codio/googletest/googletest/src/gtest_main.cc
Note: Google Test filter = Filter.SameNodeCheck
[==========] Running 1 test from 1 test suite.
[----------] Global test environment set-up.
[----------] 1 test from Filter
[ RUN      ] Filter.SameNodeCheck
[       OK ] Filter.SameNodeCheck (43 ms)
[----------] 1 test from Filter (52 ms total)

[----------] Global test environment tear-down
[==========] 1 test from 1 test suite ran. (101 ms total)
[  PASSED  ] 1 test.
==911== 
==911== HEAP SUMMARY:
==911==     in use at exit: 0 bytes in 0 blocks
==911==   total heap usage: 420 allocs, 420 frees, 133,458 bytes allocated
==911== 
==911== All heap blocks were freed -- no leaks are possible
==911== 
==911== For counts of detected and suppressed errors, rerun with: -v
==911== ERROR SUMMARY: 0 errors from 0 contexts (suppressed: 0 from 0)
<end of output>
Test time =   1.42 sec
----------------------------------------------------------
Test Passed.
"Filter.SameNodeCheck" end time: Feb 24 01:29 UTC
"Filter.SameNodeCheck" time elapsed: 00:00:01
----------------------------------------------------------

22/50 Testing: Filter.MultipleCalls
22/50 Test: Filter.MultipleCalls
Command: "/usr/bin/valgrind" "--tool=memcheck" "--leak-check=yes" "--trace-children=no" "--error-exitcode=113" "/home/codio/workspace/hw3/hw3_tests/llrec_tests/llrec_tests" "--gtest_filter=Filter.MultipleCalls"
Directory: /home/codio/workspace/hw3/hw3_tests/llrec_tests
"Filter.MultipleCalls" start time: Feb 24 01:29 UTC
Output:
----------------------------------------------------------
==912== Memcheck, a memory error detector
==912== Copyright (C) 2002-2017, and GNU GPL'd, by Julian Seward et al.
==912== Using Valgrind-3.13.0 and LibVEX; rerun with -h for copyright info
==912== Command: /home/codio/workspace/hw3/hw3_tests/llrec_tests/llrec_tests --gtest_filter=Filter.MultipleCalls
==912== 
Running main() from /home/codio/googletest/googletest/src/gtest_main.cc
Note: Google Test filter = Filter.MultipleCalls
[==========] Running 1 test from 1 test suite.
[----------] Global test environment set-up.
[----------] 1 test from Filter
[ RUN      ] Filter.MultipleCalls
[       OK ] Filter.MultipleCalls (31 ms)
[----------] 1 test from Filter (40 ms total)

[----------] Global test environment tear-down
[==========] 1 test from 1 test suite ran. (90 ms total)
[  PASSED  ] 1 test.
==912== 
==912== HEAP SUMMARY:
==912==     in use at exit: 0 bytes in 0 blocks
==912==   total heap usage: 420 allocs, 420 frees, 133,458 bytes allocated
==912== 
==912== All heap blocks were freed -- no leaks are possible
==912== 
==912== For counts of detected and suppressed errors, rerun with: -v
==912== ERROR SUMMARY: 0 errors from 0 contexts (suppressed: 0 from 0)
<end of output>
Test time =   1.43 sec
----------------------------------------------------------
Test Passed.
"Filter.MultipleCalls" end time: Feb 24 01:29 UTC
"Filter.MultipleCalls" time elapsed: 00:00:01
----------------------------------------------------------

23/50 Testing: Filter.CompareWithLlrec
23/50 Test: Filter.CompareWithLlrec
Command: "/usr/bin/valgrind" "--tool=memcheck" "--leak-check=yes" "--trace-children=no" "--error-exitcode=113" "/home/codio/workspace/hw3/hw3_tests/llrec_tests/llrec_tests" "--gtest_filter=Filter.CompareWithLlrec"
Directory: /home/codio/workspace/hw3/hw3_tests/llrec_tests
"Filter.CompareWithLlrec" start time: Feb 24 01:29 UTC
Output:
----------------------------------------------------------
==913== Memcheck, a memory error detector
==913== Copyright (C) 2002-2017, and GNU GPL'd, by Julian Seward et al.
==913== Using Valgrind-3.13.0 and LibVEX; rerun with -h for copyright info
==913== Command: /home/codio/workspace/hw3/hw3_tests/llrec_tests/llrec_tests --gtest_filter=Filter.CompareWithLlrec
==913== 
Running main() from /home/codio/googletest/googletest/src/gtest_main.cc
Note: Google Test filter = Filter.CompareWithLlrec
[==========] Running 1 test from 1 test suite.
[----------] Global test environment set-up.
[----------] 1 test from Filter
[ RUN      ] Filter.CompareWithLlrec
[       OK ] Filter.CompareWithLlrec (40 ms)
[----------] 1 test from Filter (49 ms total)

[----------] Global test environment tear-down
[==========] 1 test from 1 test suite ran. (100 ms total)
[  PASSED  ] 1 test.
==913== 
==913== HEAP SUMMARY:
==913==     in use at exit: 0 bytes in 0 blocks
==913==   total heap usage: 430 allocs, 430 frees, 133,612 bytes allocated
==913== 
==913== All heap blocks were freed -- no leaks are possible
==913== 
==913== For counts of detected and suppressed errors, rerun with: -v
==913== ERROR SUMMARY: 0 errors from 0 contexts (suppressed: 0 from 0)
<end of output>
Test time =   1.42 sec
----------------------------------------------------------
Test Passed.
"Filter.CompareWithLlrec" end time: Feb 24 01:29 UTC
"Filter.CompareWithLlrec" time elapsed: 00:00:01
----------------------------------------------------------

24/50 Testing: Stack.BasicString
24/50 Test: Stack.BasicString
Command: "/usr/bin/valgrind" "--tool=memcheck" "--leak-check=yes" "--trace-children=no" "--error-exitcode=113" "/home/codio/workspace/hw3/hw3_tests/stack_tests/stack_tests" "--gtest_filter=Stack.BasicString"
Directory: /home/codio/workspace/hw3/hw3_tests/stack_tests
"Stack.BasicString" start time: Feb 24 01:29 UTC
Output:
----------------------------------------------------------
==914== Memcheck, a memory error detector
==914== Copyright (C) 2002-2017, and GNU GPL'd, by Julian Seward et al.
==914== Using Valgrind-3.13.0 and LibVEX; rerun with -h for copyright info
==914== Command: /home/codio/workspace/hw3/hw3_tests/stack_tests/stack_tests --gtest_filter=Stack.BasicString
==914== 
Running main() from /home/codio/googletest/googletest/src/gtest_main.cc
Note: Google Test filter = Stack.BasicString
[==========] Running 1 test from 1 test suite.
[----------] Global test environment set-up.
[----------] 1 test from Stack
[ RUN      ] Stack.BasicString
[       OK ] Stack.BasicString (88 ms)
[----------] 1 test from Stack (97 ms total)

[----------] Global test environment tear-down
[==========] 1 test from 1 test suite ran. (148 ms total)
[  PASSED  ] 1 test.
==914== 
==914== HEAP SUMMARY:
==914==     in use at exit: 0 bytes in 0 blocks
==914==   total heap usage: 230 allocs, 230 frees, 120,582 bytes allocated
==914== 
==914== All heap blocks were freed -- no leaks are possible
==914== 
==914== For counts of detected and suppressed errors, rerun with: -v
==914== ERROR SUMMARY: 0 errors from 0 contexts (suppressed: 0 from 0)
<end of output>
Test time =   1.48 sec
----------------------------------------------------------
Test Passed.
"Stack.BasicString" end time: Feb 24 01:30 UTC
"Stack.BasicString" time elapsed: 00:00:01
----------------------------------------------------------

25/50 Testing: Stack.RandomInt
25/50 Test: Stack.RandomInt
Command: "/usr/bin/valgrind" "--tool=memcheck" "--leak-check=yes" "--trace-children=no" "--error-exitcode=113" "/home/codio/workspace/hw3/hw3_tests/stack_tests/stack_tests" "--gtest_filter=Stack.RandomInt"
Directory: /home/codio/workspace/hw3/hw3_tests/stack_tests
"Stack.RandomInt" start time: Feb 24 01:30 UTC
Output:
----------------------------------------------------------
==915== Memcheck, a memory error detector
==915== Copyright (C) 2002-2017, and GNU GPL'd, by Julian Seward et al.
==915== Using Valgrind-3.13.0 and LibVEX; rerun with -h for copyright info
==915== Command: /home/codio/workspace/hw3/hw3_tests/stack_tests/stack_tests --gtest_filter=Stack.RandomInt
==915== 
Running main() from /home/codio/googletest/googletest/src/gtest_main.cc
Note: Google Test filter = Stack.RandomInt
[==========] Running 1 test from 1 test suite.
[----------] Global test environment set-up.
[----------] 1 test from Stack
[ RUN      ] Stack.RandomInt
[       OK ] Stack.RandomInt (1607 ms)
[----------] 1 test from Stack (1616 ms total)

[----------] Global test environment tear-down
[==========] 1 test from 1 test suite ran. (1667 ms total)
[  PASSED  ] 1 test.
==915== 
==915== HEAP SUMMARY:
==915==     in use at exit: 0 bytes in 0 blocks
==915==   total heap usage: 21,262 allocs, 21,262 frees, 1,081,433 bytes allocated
==915== 
==915== All heap blocks were freed -- no leaks are possible
==915== 
==915== For counts of detected and suppressed errors, rerun with: -v
==915== ERROR SUMMARY: 0 errors from 0 contexts (suppressed: 0 from 0)
<end of output>
Test time =   3.04 sec
----------------------------------------------------------
Test Passed.
"Stack.RandomInt" end time: Feb 24 01:30 UTC
"Stack.RandomInt" time elapsed: 00:00:03
----------------------------------------------------------

26/50 Testing: HeapTest.ConstructionDestruction
26/50 Test: HeapTest.ConstructionDestruction
Command: "/usr/bin/valgrind" "--tool=memcheck" "--leak-check=yes" "--trace-children=no" "--error-exitcode=113" "/home/codio/workspace/hw3/hw3_tests/heap_tests/heap_tests" "--gtest_filter=HeapTest.ConstructionDestruction"
Directory: /home/codio/workspace/hw3/hw3_tests/heap_tests
"HeapTest.ConstructionDestruction" start time: Feb 24 01:30 UTC
Output:
----------------------------------------------------------
==916== Memcheck, a memory error detector
==916== Copyright (C) 2002-2017, and GNU GPL'd, by Julian Seward et al.
==916== Using Valgrind-3.13.0 and LibVEX; rerun with -h for copyright info
==916== Command: /home/codio/workspace/hw3/hw3_tests/heap_tests/heap_tests --gtest_filter=HeapTest.ConstructionDestruction
==916== 
Running main() from /home/codio/googletest/googletest/src/gtest_main.cc
Note: Google Test filter = HeapTest.ConstructionDestruction
[==========] Running 1 test from 1 test suite.
[----------] Global test environment set-up.
[----------] 1 test from HeapTest
[ RUN      ] HeapTest.ConstructionDestruction
[       OK ] HeapTest.ConstructionDestruction (18 ms)
[----------] 1 test from HeapTest (28 ms total)

[----------] Global test environment tear-down
[==========] 1 test from 1 test suite ran. (80 ms total)
[  PASSED  ] 1 test.
==916== 
==916== HEAP SUMMARY:
==916==     in use at exit: 0 bytes in 0 blocks
==916==   total heap usage: 468 allocs, 468 frees, 135,793 bytes allocated
==916== 
==916== All heap blocks were freed -- no leaks are possible
==916== 
==916== For counts of detected and suppressed errors, rerun with: -v
==916== ERROR SUMMARY: 0 errors from 0 contexts (suppressed: 0 from 0)
<end of output>
Test time =   1.60 sec
----------------------------------------------------------
Test Passed.
"HeapTest.ConstructionDestruction" end time: Feb 24 01:30 UTC
"HeapTest.ConstructionDestruction" time elapsed: 00:00:01
----------------------------------------------------------

27/50 Testing: HeapTest.InitiallyEmpty
27/50 Test: HeapTest.InitiallyEmpty
Command: "/usr/bin/valgrind" "--tool=memcheck" "--leak-check=yes" "--trace-children=no" "--error-exitcode=113" "/home/codio/workspace/hw3/hw3_tests/heap_tests/heap_tests" "--gtest_filter=HeapTest.InitiallyEmpty"
Directory: /home/codio/workspace/hw3/hw3_tests/heap_tests
"HeapTest.InitiallyEmpty" start time: Feb 24 01:30 UTC
Output:
----------------------------------------------------------
==917== Memcheck, a memory error detector
==917== Copyright (C) 2002-2017, and GNU GPL'd, by Julian Seward et al.
==917== Using Valgrind-3.13.0 and LibVEX; rerun with -h for copyright info
==917== Command: /home/codio/workspace/hw3/hw3_tests/heap_tests/heap_tests --gtest_filter=HeapTest.InitiallyEmpty
==917== 
Running main() from /home/codio/googletest/googletest/src/gtest_main.cc
Note: Google Test filter = HeapTest.InitiallyEmpty
[==========] Running 1 test from 1 test suite.
[----------] Global test environment set-up.
[----------] 1 test from HeapTest
[ RUN      ] HeapTest.InitiallyEmpty
[       OK ] HeapTest.InitiallyEmpty (20 ms)
[----------] 1 test from HeapTest (30 ms total)

[----------] Global test environment tear-down
[==========] 1 test from 1 test suite ran. (80 ms total)
[  PASSED  ] 1 test.
==917== 
==917== HEAP SUMMARY:
==917==     in use at exit: 0 bytes in 0 blocks
==917==   total heap usage: 468 allocs, 468 frees, 135,697 bytes allocated
==917== 
==917== All heap blocks were freed -- no leaks are possible
==917== 
==917== For counts of detected and suppressed errors, rerun with: -v
==917== ERROR SUMMARY: 0 errors from 0 contexts (suppressed: 0 from 0)
<end of output>
Test time =   1.60 sec
----------------------------------------------------------
Test Passed.
"HeapTest.InitiallyEmpty" end time: Feb 24 01:30 UTC
"HeapTest.InitiallyEmpty" time elapsed: 00:00:01
----------------------------------------------------------

28/50 Testing: HeapTest.EmptyTopException
28/50 Test: HeapTest.EmptyTopException
Command: "/usr/bin/valgrind" "--tool=memcheck" "--leak-check=yes" "--trace-children=no" "--error-exitcode=113" "/home/codio/workspace/hw3/hw3_tests/heap_tests/heap_tests" "--gtest_filter=HeapTest.EmptyTopException"
Directory: /home/codio/workspace/hw3/hw3_tests/heap_tests
"HeapTest.EmptyTopException" start time: Feb 24 01:30 UTC
Output:
----------------------------------------------------------
==918== Memcheck, a memory error detector
==918== Copyright (C) 2002-2017, and GNU GPL'd, by Julian Seward et al.
==918== Using Valgrind-3.13.0 and LibVEX; rerun with -h for copyright info
==918== Command: /home/codio/workspace/hw3/hw3_tests/heap_tests/heap_tests --gtest_filter=HeapTest.EmptyTopException
==918== 
Running main() from /home/codio/googletest/googletest/src/gtest_main.cc
Note: Google Test filter = HeapTest.EmptyTopException
[==========] Running 1 test from 1 test suite.
[----------] Global test environment set-up.
[----------] 1 test from HeapTest
[ RUN      ] HeapTest.EmptyTopException
[       OK ] HeapTest.EmptyTopException (58 ms)
[----------] 1 test from HeapTest (67 ms total)

[----------] Global test environment tear-down
[==========] 1 test from 1 test suite ran. (117 ms total)
[  PASSED  ] 1 test.
==918== 
==918== HEAP SUMMARY:
==918==     in use at exit: 0 bytes in 0 blocks
==918==   total heap usage: 470 allocs, 470 frees, 135,909 bytes allocated
==918== 
==918== All heap blocks were freed -- no leaks are possible
==918== 
==918== For counts of detected and suppressed errors, rerun with: -v
==918== ERROR SUMMARY: 0 errors from 0 contexts (suppressed: 0 from 0)
<end of output>
Test time =   1.51 sec
----------------------------------------------------------
Test Passed.
"HeapTest.EmptyTopException" end time: Feb 24 01:30 UTC
"HeapTest.EmptyTopException" time elapsed: 00:00:01
----------------------------------------------------------

29/50 Testing: HeapTest.EmptyPopException
29/50 Test: HeapTest.EmptyPopException
Command: "/usr/bin/valgrind" "--tool=memcheck" "--leak-check=yes" "--trace-children=no" "--error-exitcode=113" "/home/codio/workspace/hw3/hw3_tests/heap_tests/heap_tests" "--gtest_filter=HeapTest.EmptyPopException"
Directory: /home/codio/workspace/hw3/hw3_tests/heap_tests
"HeapTest.EmptyPopException" start time: Feb 24 01:30 UTC
Output:
----------------------------------------------------------
==919== Memcheck, a memory error detector
==919== Copyright (C) 2002-2017, and GNU GPL'd, by Julian Seward et al.
==919== Using Valgrind-3.13.0 and LibVEX; rerun with -h for copyright info
==919== Command: /home/codio/workspace/hw3/hw3_tests/heap_tests/heap_tests --gtest_filter=HeapTest.EmptyPopException
==919== 
Running main() from /home/codio/googletest/googletest/src/gtest_main.cc
Note: Google Test filter = HeapTest.EmptyPopException
[==========] Running 1 test from 1 test suite.
[----------] Global test environment set-up.
[----------] 1 test from HeapTest
[ RUN      ] HeapTest.EmptyPopException
[       OK ] HeapTest.EmptyPopException (59 ms)
[----------] 1 test from HeapTest (70 ms total)

[----------] Global test environment tear-down
[==========] 1 test from 1 test suite ran. (120 ms total)
[  PASSED  ] 1 test.
==919== 
==919== HEAP SUMMARY:
==919==     in use at exit: 0 bytes in 0 blocks
==919==   total heap usage: 470 allocs, 470 frees, 135,909 bytes allocated
==919== 
==919== All heap blocks were freed -- no leaks are possible
==919== 
==919== For counts of detected and suppressed errors, rerun with: -v
==919== ERROR SUMMARY: 0 errors from 0 contexts (suppressed: 0 from 0)
<end of output>
Test time =   1.45 sec
----------------------------------------------------------
Test Passed.
"HeapTest.EmptyPopException" end time: Feb 24 01:30 UTC
"HeapTest.EmptyPopException" time elapsed: 00:00:01
----------------------------------------------------------

30/50 Testing: HeapTest.SingleItemNonempty
30/50 Test: HeapTest.SingleItemNonempty
Command: "/usr/bin/valgrind" "--tool=memcheck" "--leak-check=yes" "--trace-children=no" "--error-exitcode=113" "/home/codio/workspace/hw3/hw3_tests/heap_tests/heap_tests" "--gtest_filter=HeapTest.SingleItemNonempty"
Directory: /home/codio/workspace/hw3/hw3_tests/heap_tests
"HeapTest.SingleItemNonempty" start time: Feb 24 01:30 UTC
Output:
----------------------------------------------------------
==920== Memcheck, a memory error detector
==920== Copyright (C) 2002-2017, and GNU GPL'd, by Julian Seward et al.
==920== Using Valgrind-3.13.0 and LibVEX; rerun with -h for copyright info
==920== Command: /home/codio/workspace/hw3/hw3_tests/heap_tests/heap_tests --gtest_filter=HeapTest.SingleItemNonempty
==920== 
Running main() from /home/codio/googletest/googletest/src/gtest_main.cc
Note: Google Test filter = HeapTest.SingleItemNonempty
[==========] Running 1 test from 1 test suite.
[----------] Global test environment set-up.
[----------] 1 test from HeapTest
[ RUN      ] HeapTest.SingleItemNonempty
[       OK ] HeapTest.SingleItemNonempty (23 ms)
[----------] 1 test from HeapTest (32 ms total)

[----------] Global test environment tear-down
[==========] 1 test from 1 test suite ran. (82 ms total)
[  PASSED  ] 1 test.
==920== 
==920== HEAP SUMMARY:
==920==     in use at exit: 0 bytes in 0 blocks
==920==   total heap usage: 469 allocs, 469 frees, 135,741 bytes allocated
==920== 
==920== All heap blocks were freed -- no leaks are possible
==920== 
==920== For counts of detected and suppressed errors, rerun with: -v
==920== ERROR SUMMARY: 0 errors from 0 contexts (suppressed: 0 from 0)
<end of output>
Test time =   1.53 sec
----------------------------------------------------------
Test Passed.
"HeapTest.SingleItemNonempty" end time: Feb 24 01:30 UTC
"HeapTest.SingleItemNonempty" time elapsed: 00:00:01
----------------------------------------------------------

31/50 Testing: HeapTest.SingleItemPush
31/50 Test: HeapTest.SingleItemPush
Command: "/usr/bin/valgrind" "--tool=memcheck" "--leak-check=yes" "--trace-children=no" "--error-exitcode=113" "/home/codio/workspace/hw3/hw3_tests/heap_tests/heap_tests" "--gtest_filter=HeapTest.SingleItemPush"
Directory: /home/codio/workspace/hw3/hw3_tests/heap_tests
"HeapTest.SingleItemPush" start time: Feb 24 01:30 UTC
Output:
----------------------------------------------------------
==921== Memcheck, a memory error detector
==921== Copyright (C) 2002-2017, and GNU GPL'd, by Julian Seward et al.
==921== Using Valgrind-3.13.0 and LibVEX; rerun with -h for copyright info
==921== Command: /home/codio/workspace/hw3/hw3_tests/heap_tests/heap_tests --gtest_filter=HeapTest.SingleItemPush
==921== 
Running main() from /home/codio/googletest/googletest/src/gtest_main.cc
Note: Google Test filter = HeapTest.SingleItemPush
[==========] Running 1 test from 1 test suite.
[----------] Global test environment set-up.
[----------] 1 test from HeapTest
[ RUN      ] HeapTest.SingleItemPush
[       OK ] HeapTest.SingleItemPush (27 ms)
[----------] 1 test from HeapTest (36 ms total)

[----------] Global test environment tear-down
[==========] 1 test from 1 test suite ran. (88 ms total)
[  PASSED  ] 1 test.
==921== 
==921== HEAP SUMMARY:
==921==     in use at exit: 0 bytes in 0 blocks
==921==   total heap usage: 469 allocs, 469 frees, 135,701 bytes allocated
==921== 
==921== All heap blocks were freed -- no leaks are possible
==921== 
==921== For counts of detected and suppressed errors, rerun with: -v
==921== ERROR SUMMARY: 0 errors from 0 contexts (suppressed: 0 from 0)
<end of output>
Test time =   1.44 sec
----------------------------------------------------------
Test Passed.
"HeapTest.SingleItemPush" end time: Feb 24 01:30 UTC
"HeapTest.SingleItemPush" time elapsed: 00:00:01
----------------------------------------------------------

32/50 Testing: HeapTest.SingleItemPushPop
32/50 Test: HeapTest.SingleItemPushPop
Command: "/usr/bin/valgrind" "--tool=memcheck" "--leak-check=yes" "--trace-children=no" "--error-exitcode=113" "/home/codio/workspace/hw3/hw3_tests/heap_tests/heap_tests" "--gtest_filter=HeapTest.SingleItemPushPop"
Directory: /home/codio/workspace/hw3/hw3_tests/heap_tests
"HeapTest.SingleItemPushPop" start time: Feb 24 01:30 UTC
Output:
----------------------------------------------------------
==922== Memcheck, a memory error detector
==922== Copyright (C) 2002-2017, and GNU GPL'd, by Julian Seward et al.
==922== Using Valgrind-3.13.0 and LibVEX; rerun with -h for copyright info
==922== Command: /home/codio/workspace/hw3/hw3_tests/heap_tests/heap_tests --gtest_filter=HeapTest.SingleItemPushPop
==922== 
Running main() from /home/codio/googletest/googletest/src/gtest_main.cc
Note: Google Test filter = HeapTest.SingleItemPushPop
[==========] Running 1 test from 1 test suite.
[----------] Global test environment set-up.
[----------] 1 test from HeapTest
[ RUN      ] HeapTest.SingleItemPushPop
[       OK ] HeapTest.SingleItemPushPop (25 ms)
[----------] 1 test from HeapTest (34 ms total)

[----------] Global test environment tear-down
[==========] 1 test from 1 test suite ran. (84 ms total)
[  PASSED  ] 1 test.
==922== 
==922== HEAP SUMMARY:
==922==     in use at exit: 0 bytes in 0 blocks
==922==   total heap usage: 469 allocs, 469 frees, 135,731 bytes allocated
==922== 
==922== All heap blocks were freed -- no leaks are possible
==922== 
==922== For counts of detected and suppressed errors, rerun with: -v
==922== ERROR SUMMARY: 0 errors from 0 contexts (suppressed: 0 from 0)
<end of output>
Test time =   1.47 sec
----------------------------------------------------------
Test Passed.
"HeapTest.SingleItemPushPop" end time: Feb 24 01:30 UTC
"HeapTest.SingleItemPushPop" time elapsed: 00:00:01
----------------------------------------------------------

33/50 Testing: HeapTest.TwoElementPush_LowPriFirst
33/50 Test: HeapTest.TwoElementPush_LowPriFirst
Command: "/usr/bin/valgrind" "--tool=memcheck" "--leak-check=yes" "--trace-children=no" "--error-exitcode=113" "/home/codio/workspace/hw3/hw3_tests/heap_tests/heap_tests" "--gtest_filter=HeapTest.TwoElementPush_LowPriFirst"
Directory: /home/codio/workspace/hw3/hw3_tests/heap_tests
"HeapTest.TwoElementPush_LowPriFirst" start time: Feb 24 01:30 UTC
Output:
----------------------------------------------------------
==923== Memcheck, a memory error detector
==923== Copyright (C) 2002-2017, and GNU GPL'd, by Julian Seward et al.
==923== Using Valgrind-3.13.0 and LibVEX; rerun with -h for copyright info
==923== Command: /home/codio/workspace/hw3/hw3_tests/heap_tests/heap_tests --gtest_filter=HeapTest.TwoElementPush_LowPriFirst
==923== 
Running main() from /home/codio/googletest/googletest/src/gtest_main.cc
Note: Google Test filter = HeapTest.TwoElementPush_LowPriFirst
[==========] Running 1 test from 1 test suite.
[----------] Global test environment set-up.
[----------] 1 test from HeapTest
[ RUN      ] HeapTest.TwoElementPush_LowPriFirst
[       OK ] HeapTest.TwoElementPush_LowPriFirst (29 ms)
[----------] 1 test from HeapTest (38 ms total)

[----------] Global test environment tear-down
[==========] 1 test from 1 test suite ran. (89 ms total)
[  PASSED  ] 1 test.
==923== 
==923== HEAP SUMMARY:
==923==     in use at exit: 0 bytes in 0 blocks
==923==   total heap usage: 470 allocs, 470 frees, 135,844 bytes allocated
==923== 
==923== All heap blocks were freed -- no leaks are possible
==923== 
==923== For counts of detected and suppressed errors, rerun with: -v
==923== ERROR SUMMARY: 0 errors from 0 contexts (suppressed: 0 from 0)
<end of output>
Test time =   1.44 sec
----------------------------------------------------------
Test Passed.
"HeapTest.TwoElementPush_LowPriFirst" end time: Feb 24 01:30 UTC
"HeapTest.TwoElementPush_LowPriFirst" time elapsed: 00:00:01
----------------------------------------------------------

34/50 Testing: HeapTest.TwoElementPush_HighPriFirst
34/50 Test: HeapTest.TwoElementPush_HighPriFirst
Command: "/usr/bin/valgrind" "--tool=memcheck" "--leak-check=yes" "--trace-children=no" "--error-exitcode=113" "/home/codio/workspace/hw3/hw3_tests/heap_tests/heap_tests" "--gtest_filter=HeapTest.TwoElementPush_HighPriFirst"
Directory: /home/codio/workspace/hw3/hw3_tests/heap_tests
"HeapTest.TwoElementPush_HighPriFirst" start time: Feb 24 01:30 UTC
Output:
----------------------------------------------------------
==924== Memcheck, a memory error detector
==924== Copyright (C) 2002-2017, and GNU GPL'd, by Julian Seward et al.
==924== Using Valgrind-3.13.0 and LibVEX; rerun with -h for copyright info
==924== Command: /home/codio/workspace/hw3/hw3_tests/heap_tests/heap_tests --gtest_filter=HeapTest.TwoElementPush_HighPriFirst
==924== 
Running main() from /home/codio/googletest/googletest/src/gtest_main.cc
Note: Google Test filter = HeapTest.TwoElementPush_HighPriFirst
[==========] Running 1 test from 1 test suite.
[----------] Global test environment set-up.
[----------] 1 test from HeapTest
[ RUN      ] HeapTest.TwoElementPush_HighPriFirst
[       OK ] HeapTest.TwoElementPush_HighPriFirst (29 ms)
[----------] 1 test from HeapTest (38 ms total)

[----------] Global test environment tear-down
[==========] 1 test from 1 test suite ran. (88 ms total)
[  PASSED  ] 1 test.
==924== 
==924== HEAP SUMMARY:
==924==     in use at exit: 0 bytes in 0 blocks
==924==   total heap usage: 470 allocs, 470 frees, 135,857 bytes allocated
==924== 
==924== All heap blocks were freed -- no leaks are possible
==924== 
==924== For counts of detected and suppressed errors, rerun with: -v
==924== ERROR SUMMARY: 0 errors from 0 contexts (suppressed: 0 from 0)
<end of output>
Test time =   1.44 sec
----------------------------------------------------------
Test Passed.
"HeapTest.TwoElementPush_HighPriFirst" end time: Feb 24 01:30 UTC
"HeapTest.TwoElementPush_HighPriFirst" time elapsed: 00:00:01
----------------------------------------------------------

35/50 Testing: HeapTest.Duplicates
35/50 Test: HeapTest.Duplicates
Command: "/usr/bin/valgrind" "--tool=memcheck" "--leak-check=yes" "--trace-children=no" "--error-exitcode=113" "/home/codio/workspace/hw3/hw3_tests/heap_tests/heap_tests" "--gtest_filter=HeapTest.Duplicates"
Directory: /home/codio/workspace/hw3/hw3_tests/heap_tests
"HeapTest.Duplicates" start time: Feb 24 01:30 UTC
Output:
----------------------------------------------------------
==925== Memcheck, a memory error detector
==925== Copyright (C) 2002-2017, and GNU GPL'd, by Julian Seward et al.
==925== Using Valgrind-3.13.0 and LibVEX; rerun with -h for copyright info
==925== Command: /home/codio/workspace/hw3/hw3_tests/heap_tests/heap_tests --gtest_filter=HeapTest.Duplicates
==925== 
Running main() from /home/codio/googletest/googletest/src/gtest_main.cc
Note: Google Test filter = HeapTest.Duplicates
[==========] Running 1 test from 1 test suite.
[----------] Global test environment set-up.
[----------] 1 test from HeapTest
[ RUN      ] HeapTest.Duplicates
[       OK ] HeapTest.Duplicates (32 ms)
[----------] 1 test from HeapTest (41 ms total)

[----------] Global test environment tear-down
[==========] 1 test from 1 test suite ran. (92 ms total)
[  PASSED  ] 1 test.
==925== 
==925== HEAP SUMMARY:
==925==     in use at exit: 0 bytes in 0 blocks
==925==   total heap usage: 471 allocs, 471 frees, 135,685 bytes allocated
==925== 
==925== All heap blocks were freed -- no leaks are possible
==925== 
==925== For counts of detected and suppressed errors, rerun with: -v
==925== ERROR SUMMARY: 0 errors from 0 contexts (suppressed: 0 from 0)
<end of output>
Test time =   1.43 sec
----------------------------------------------------------
Test Passed.
"HeapTest.Duplicates" end time: Feb 24 01:30 UTC
"HeapTest.Duplicates" time elapsed: 00:00:01
----------------------------------------------------------

36/50 Testing: HeapTest.NegativeElements
36/50 Test: HeapTest.NegativeElements
Command: "/usr/bin/valgrind" "--tool=memcheck" "--leak-check=yes" "--trace-children=no" "--error-exitcode=113" "/home/codio/workspace/hw3/hw3_tests/heap_tests/heap_tests" "--gtest_filter=HeapTest.NegativeElements"
Directory: /home/codio/workspace/hw3/hw3_tests/heap_tests
"HeapTest.NegativeElements" start time: Feb 24 01:30 UTC
Output:
----------------------------------------------------------
==926== Memcheck, a memory error detector
==926== Copyright (C) 2002-2017, and GNU GPL'd, by Julian Seward et al.
==926== Using Valgrind-3.13.0 and LibVEX; rerun with -h for copyright info
==926== Command: /home/codio/workspace/hw3/hw3_tests/heap_tests/heap_tests --gtest_filter=HeapTest.NegativeElements
==926== 
Running main() from /home/codio/googletest/googletest/src/gtest_main.cc
Note: Google Test filter = HeapTest.NegativeElements
[==========] Running 1 test from 1 test suite.
[----------] Global test environment set-up.
[----------] 1 test from HeapTest
[ RUN      ] HeapTest.NegativeElements
[       OK ] HeapTest.NegativeElements (27 ms)
[----------] 1 test from HeapTest (36 ms total)

[----------] Global test environment tear-down
[==========] 1 test from 1 test suite ran. (85 ms total)
[  PASSED  ] 1 test.
==926== 
==926== HEAP SUMMARY:
==926==     in use at exit: 0 bytes in 0 blocks
==926==   total heap usage: 470 allocs, 470 frees, 135,729 bytes allocated
==926== 
==926== All heap blocks were freed -- no leaks are possible
==926== 
==926== For counts of detected and suppressed errors, rerun with: -v
==926== ERROR SUMMARY: 0 errors from 0 contexts (suppressed: 0 from 0)
<end of output>
Test time =   1.60 sec
----------------------------------------------------------
Test Passed.
"HeapTest.NegativeElements" end time: Feb 24 01:30 UTC
"HeapTest.NegativeElements" time elapsed: 00:00:01
----------------------------------------------------------

37/50 Testing: HeapTest.ThreeElementPush_0_5_10
37/50 Test: HeapTest.ThreeElementPush_0_5_10
Command: "/usr/bin/valgrind" "--tool=memcheck" "--leak-check=yes" "--trace-children=no" "--error-exitcode=113" "/home/codio/workspace/hw3/hw3_tests/heap_tests/heap_tests" "--gtest_filter=HeapTest.ThreeElementPush_0_5_10"
Directory: /home/codio/workspace/hw3/hw3_tests/heap_tests
"HeapTest.ThreeElementPush_0_5_10" start time: Feb 24 01:30 UTC
Output:
----------------------------------------------------------
==927== Memcheck, a memory error detector
==927== Copyright (C) 2002-2017, and GNU GPL'd, by Julian Seward et al.
==927== Using Valgrind-3.13.0 and LibVEX; rerun with -h for copyright info
==927== Command: /home/codio/workspace/hw3/hw3_tests/heap_tests/heap_tests --gtest_filter=HeapTest.ThreeElementPush_0_5_10
==927== 
Running main() from /home/codio/googletest/googletest/src/gtest_main.cc
Note: Google Test filter = HeapTest.ThreeElementPush_0_5_10
[==========] Running 1 test from 1 test suite.
[----------] Global test environment set-up.
[----------] 1 test from HeapTest
[ RUN      ] HeapTest.ThreeElementPush_0_5_10
[       OK ] HeapTest.ThreeElementPush_0_5_10 (33 ms)
[----------] 1 test from HeapTest (42 ms total)

[----------] Global test environment tear-down
[==========] 1 test from 1 test suite ran. (93 ms total)
[  PASSED  ] 1 test.
==927== 
==927== HEAP SUMMARY:
==927==     in use at exit: 0 bytes in 0 blocks
==927==   total heap usage: 471 allocs, 471 frees, 135,821 bytes allocated
==927== 
==927== All heap blocks were freed -- no leaks are possible
==927== 
==927== For counts of detected and suppressed errors, rerun with: -v
==927== ERROR SUMMARY: 0 errors from 0 contexts (suppressed: 0 from 0)
<end of output>
Test time =   1.44 sec
----------------------------------------------------------
Test Passed.
"HeapTest.ThreeElementPush_0_5_10" end time: Feb 24 01:30 UTC
"HeapTest.ThreeElementPush_0_5_10" time elapsed: 00:00:01
----------------------------------------------------------

38/50 Testing: HeapTest.ThreeElementPush_0_10_5
38/50 Test: HeapTest.ThreeElementPush_0_10_5
Command: "/usr/bin/valgrind" "--tool=memcheck" "--leak-check=yes" "--trace-children=no" "--error-exitcode=113" "/home/codio/workspace/hw3/hw3_tests/heap_tests/heap_tests" "--gtest_filter=HeapTest.ThreeElementPush_0_10_5"
Directory: /home/codio/workspace/hw3/hw3_tests/heap_tests
"HeapTest.ThreeElementPush_0_10_5" start time: Feb 24 01:30 UTC
Output:
----------------------------------------------------------
==928== Memcheck, a memory error detector
==928== Copyright (C) 2002-2017, and GNU GPL'd, by Julian Seward et al.
==928== Using Valgrind-3.13.0 and LibVEX; rerun with -h for copyright info
==928== Command: /home/codio/workspace/hw3/hw3_tests/heap_tests/heap_tests --gtest_filter=HeapTest.ThreeElementPush_0_10_5
==928== 
Running main() from /home/codio/googletest/googletest/src/gtest_main.cc
Note: Google Test filter = HeapTest.ThreeElementPush_0_10_5
[==========] Running 1 test from 1 test suite.
[----------] Global test environment set-up.
[----------] 1 test from HeapTest
[ RUN      ] HeapTest.ThreeElementPush_0_10_5
[       OK ] HeapTest.ThreeElementPush_0_10_5 (31 ms)
[----------] 1 test from HeapTest (40 ms total)

[----------] Global test environment tear-down
[==========] 1 test from 1 test suite ran. (90 ms total)
[  PASSED  ] 1 test.
==928== 
==928== HEAP SUMMARY:
==928==     in use at exit: 0 bytes in 0 blocks
==928==   total heap usage: 471 allocs, 471 frees, 135,821 bytes allocated
==928== 
==928== All heap blocks were freed -- no leaks are possible
==928== 
==928== For counts of detected and suppressed errors, rerun with: -v
==928== ERROR SUMMARY: 0 errors from 0 contexts (suppressed: 0 from 0)
<end of output>
Test time =   1.45 sec
----------------------------------------------------------
Test Passed.
"HeapTest.ThreeElementPush_0_10_5" end time: Feb 24 01:30 UTC
"HeapTest.ThreeElementPush_0_10_5" time elapsed: 00:00:01
----------------------------------------------------------

39/50 Testing: HeapTest.ThreeElementPush_5_0_10
39/50 Test: HeapTest.ThreeElementPush_5_0_10
Command: "/usr/bin/valgrind" "--tool=memcheck" "--leak-check=yes" "--trace-children=no" "--error-exitcode=113" "/home/codio/workspace/hw3/hw3_tests/heap_tests/heap_tests" "--gtest_filter=HeapTest.ThreeElementPush_5_0_10"
Directory: /home/codio/workspace/hw3/hw3_tests/heap_tests
"HeapTest.ThreeElementPush_5_0_10" start time: Feb 24 01:30 UTC
Output:
----------------------------------------------------------
==929== Memcheck, a memory error detector
==929== Copyright (C) 2002-2017, and GNU GPL'd, by Julian Seward et al.
==929== Using Valgrind-3.13.0 and LibVEX; rerun with -h for copyright info
==929== Command: /home/codio/workspace/hw3/hw3_tests/heap_tests/heap_tests --gtest_filter=HeapTest.ThreeElementPush_5_0_10
==929== 
Running main() from /home/codio/googletest/googletest/src/gtest_main.cc
Note: Google Test filter = HeapTest.ThreeElementPush_5_0_10
[==========] Running 1 test from 1 test suite.
[----------] Global test environment set-up.
[----------] 1 test from HeapTest
[ RUN      ] HeapTest.ThreeElementPush_5_0_10
[       OK ] HeapTest.ThreeElementPush_5_0_10 (34 ms)
[----------] 1 test from HeapTest (44 ms total)

[----------] Global test environment tear-down
[==========] 1 test from 1 test suite ran. (96 ms total)
[  PASSED  ] 1 test.
==929== 
==929== HEAP SUMMARY:
==929==     in use at exit: 0 bytes in 0 blocks
==929==   total heap usage: 471 allocs, 471 frees, 135,821 bytes allocated
==929== 
==929== All heap blocks were freed -- no leaks are possible
==929== 
==929== For counts of detected and suppressed errors, rerun with: -v
==929== ERROR SUMMARY: 0 errors from 0 contexts (suppressed: 0 from 0)
<end of output>
Test time =   1.54 sec
----------------------------------------------------------
Test Passed.
"HeapTest.ThreeElementPush_5_0_10" end time: Feb 24 01:30 UTC
"HeapTest.ThreeElementPush_5_0_10" time elapsed: 00:00:01
----------------------------------------------------------

40/50 Testing: HeapTest.ThreeElementPush_5_10_0
40/50 Test: HeapTest.ThreeElementPush_5_10_0
Command: "/usr/bin/valgrind" "--tool=memcheck" "--leak-check=yes" "--trace-children=no" "--error-exitcode=113" "/home/codio/workspace/hw3/hw3_tests/heap_tests/heap_tests" "--gtest_filter=HeapTest.ThreeElementPush_5_10_0"
Directory: /home/codio/workspace/hw3/hw3_tests/heap_tests
"HeapTest.ThreeElementPush_5_10_0" start time: Feb 24 01:30 UTC
Output:
----------------------------------------------------------
==930== Memcheck, a memory error detector
==930== Copyright (C) 2002-2017, and GNU GPL'd, by Julian Seward et al.
==930== Using Valgrind-3.13.0 and LibVEX; rerun with -h for copyright info
==930== Command: /home/codio/workspace/hw3/hw3_tests/heap_tests/heap_tests --gtest_filter=HeapTest.ThreeElementPush_5_10_0
==930== 
Running main() from /home/codio/googletest/googletest/src/gtest_main.cc
Note: Google Test filter = HeapTest.ThreeElementPush_5_10_0
[==========] Running 1 test from 1 test suite.
[----------] Global test environment set-up.
[----------] 1 test from HeapTest
[ RUN      ] HeapTest.ThreeElementPush_5_10_0
[       OK ] HeapTest.ThreeElementPush_5_10_0 (32 ms)
[----------] 1 test from HeapTest (41 ms total)

[----------] Global test environment tear-down
[==========] 1 test from 1 test suite ran. (91 ms total)
[  PASSED  ] 1 test.
==930== 
==930== HEAP SUMMARY:
==930==     in use at exit: 0 bytes in 0 blocks
==930==   total heap usage: 471 allocs, 471 frees, 135,821 bytes allocated
==930== 
==930== All heap blocks were freed -- no leaks are possible
==930== 
==930== For counts of detected and suppressed errors, rerun with: -v
==930== ERROR SUMMARY: 0 errors from 0 contexts (suppressed: 0 from 0)
<end of output>
Test time =   1.51 sec
----------------------------------------------------------
Test Passed.
"HeapTest.ThreeElementPush_5_10_0" end time: Feb 24 01:30 UTC
"HeapTest.ThreeElementPush_5_10_0" time elapsed: 00:00:01
----------------------------------------------------------

41/50 Testing: HeapTest.ThreeElementPush_10_0_5
41/50 Test: HeapTest.ThreeElementPush_10_0_5
Command: "/usr/bin/valgrind" "--tool=memcheck" "--leak-check=yes" "--trace-children=no" "--error-exitcode=113" "/home/codio/workspace/hw3/hw3_tests/heap_tests/heap_tests" "--gtest_filter=HeapTest.ThreeElementPush_10_0_5"
Directory: /home/codio/workspace/hw3/hw3_tests/heap_tests
"HeapTest.ThreeElementPush_10_0_5" start time: Feb 24 01:30 UTC
Output:
----------------------------------------------------------
==931== Memcheck, a memory error detector
==931== Copyright (C) 2002-2017, and GNU GPL'd, by Julian Seward et al.
==931== Using Valgrind-3.13.0 and LibVEX; rerun with -h for copyright info
==931== Command: /home/codio/workspace/hw3/hw3_tests/heap_tests/heap_tests --gtest_filter=HeapTest.ThreeElementPush_10_0_5
==931== 
Running main() from /home/codio/googletest/googletest/src/gtest_main.cc
Note: Google Test filter = HeapTest.ThreeElementPush_10_0_5
[==========] Running 1 test from 1 test suite.
[----------] Global test environment set-up.
[----------] 1 test from HeapTest
[ RUN      ] HeapTest.ThreeElementPush_10_0_5
[       OK ] HeapTest.ThreeElementPush_10_0_5 (31 ms)
[----------] 1 test from HeapTest (40 ms total)

[----------] Global test environment tear-down
[==========] 1 test from 1 test suite ran. (90 ms total)
[  PASSED  ] 1 test.
==931== 
==931== HEAP SUMMARY:
==931==     in use at exit: 0 bytes in 0 blocks
==931==   total heap usage: 471 allocs, 471 frees, 135,821 bytes allocated
==931== 
==931== All heap blocks were freed -- no leaks are possible
==931== 
==931== For counts of detected and suppressed errors, rerun with: -v
==931== ERROR SUMMARY: 0 errors from 0 contexts (suppressed: 0 from 0)
<end of output>
Test time =   1.45 sec
----------------------------------------------------------
Test Passed.
"HeapTest.ThreeElementPush_10_0_5" end time: Feb 24 01:30 UTC
"HeapTest.ThreeElementPush_10_0_5" time elapsed: 00:00:01
----------------------------------------------------------

42/50 Testing: HeapTest.ThreeElementPush_10_5_0
42/50 Test: HeapTest.ThreeElementPush_10_5_0
Command: "/usr/bin/valgrind" "--tool=memcheck" "--leak-check=yes" "--trace-children=no" "--error-exitcode=113" "/home/codio/workspace/hw3/hw3_tests/heap_tests/heap_tests" "--gtest_filter=HeapTest.ThreeElementPush_10_5_0"
Directory: /home/codio/workspace/hw3/hw3_tests/heap_tests
"HeapTest.ThreeElementPush_10_5_0" start time: Feb 24 01:30 UTC
Output:
----------------------------------------------------------
==932== Memcheck, a memory error detector
==932== Copyright (C) 2002-2017, and GNU GPL'd, by Julian Seward et al.
==932== Using Valgrind-3.13.0 and LibVEX; rerun with -h for copyright info
==932== Command: /home/codio/workspace/hw3/hw3_tests/heap_tests/heap_tests --gtest_filter=HeapTest.ThreeElementPush_10_5_0
==932== 
Running main() from /home/codio/googletest/googletest/src/gtest_main.cc
Note: Google Test filter = HeapTest.ThreeElementPush_10_5_0
[==========] Running 1 test from 1 test suite.
[----------] Global test environment set-up.
[----------] 1 test from HeapTest
[ RUN      ] HeapTest.ThreeElementPush_10_5_0
[       OK ] HeapTest.ThreeElementPush_10_5_0 (32 ms)
[----------] 1 test from HeapTest (41 ms total)

[----------] Global test environment tear-down
[==========] 1 test from 1 test suite ran. (93 ms total)
[  PASSED  ] 1 test.
==932== 
==932== HEAP SUMMARY:
==932==     in use at exit: 0 bytes in 0 blocks
==932==   total heap usage: 471 allocs, 471 frees, 135,821 bytes allocated
==932== 
==932== All heap blocks were freed -- no leaks are possible
==932== 
==932== For counts of detected and suppressed errors, rerun with: -v
==932== ERROR SUMMARY: 0 errors from 0 contexts (suppressed: 0 from 0)
<end of output>
Test time =   1.47 sec
----------------------------------------------------------
Test Passed.
"HeapTest.ThreeElementPush_10_5_0" end time: Feb 24 01:30 UTC
"HeapTest.ThreeElementPush_10_5_0" time elapsed: 00:00:01
----------------------------------------------------------

43/50 Testing: HeapTest.GreaterComparator
43/50 Test: HeapTest.GreaterComparator
Command: "/usr/bin/valgrind" "--tool=memcheck" "--leak-check=yes" "--trace-children=no" "--error-exitcode=113" "/home/codio/workspace/hw3/hw3_tests/heap_tests/heap_tests" "--gtest_filter=HeapTest.GreaterComparator"
Directory: /home/codio/workspace/hw3/hw3_tests/heap_tests
"HeapTest.GreaterComparator" start time: Feb 24 01:30 UTC
Output:
----------------------------------------------------------
==933== Memcheck, a memory error detector
==933== Copyright (C) 2002-2017, and GNU GPL'd, by Julian Seward et al.
==933== Using Valgrind-3.13.0 and LibVEX; rerun with -h for copyright info
==933== Command: /home/codio/workspace/hw3/hw3_tests/heap_tests/heap_tests --gtest_filter=HeapTest.GreaterComparator
==933== 
Running main() from /home/codio/googletest/googletest/src/gtest_main.cc
Note: Google Test filter = HeapTest.GreaterComparator
[==========] Running 1 test from 1 test suite.
[----------] Global test environment set-up.
[----------] 1 test from HeapTest
[ RUN      ] HeapTest.GreaterComparator
[       OK ] HeapTest.GreaterComparator (31 ms)
[----------] 1 test from HeapTest (40 ms total)

[----------] Global test environment tear-down
[==========] 1 test from 1 test suite ran. (91 ms total)
[  PASSED  ] 1 test.
==933== 
==933== HEAP SUMMARY:
==933==     in use at exit: 0 bytes in 0 blocks
==933==   total heap usage: 471 allocs, 471 frees, 135,755 bytes allocated
==933== 
==933== All heap blocks were freed -- no leaks are possible
==933== 
==933== For counts of detected and suppressed errors, rerun with: -v
==933== ERROR SUMMARY: 0 errors from 0 contexts (suppressed: 0 from 0)
<end of output>
Test time =   1.43 sec
----------------------------------------------------------
Test Passed.
"HeapTest.GreaterComparator" end time: Feb 24 01:30 UTC
"HeapTest.GreaterComparator" time elapsed: 00:00:01
----------------------------------------------------------

44/50 Testing: HeapTest.StringStorage
44/50 Test: HeapTest.StringStorage
Command: "/usr/bin/valgrind" "--tool=memcheck" "--leak-check=yes" "--trace-children=no" "--error-exitcode=113" "/home/codio/workspace/hw3/hw3_tests/heap_tests/heap_tests" "--gtest_filter=HeapTest.StringStorage"
Directory: /home/codio/workspace/hw3/hw3_tests/heap_tests
"HeapTest.StringStorage" start time: Feb 24 01:30 UTC
Output:
----------------------------------------------------------
==934== Memcheck, a memory error detector
==934== Copyright (C) 2002-2017, and GNU GPL'd, by Julian Seward et al.
==934== Using Valgrind-3.13.0 and LibVEX; rerun with -h for copyright info
==934== Command: /home/codio/workspace/hw3/hw3_tests/heap_tests/heap_tests --gtest_filter=HeapTest.StringStorage
==934== 
Running main() from /home/codio/googletest/googletest/src/gtest_main.cc
Note: Google Test filter = HeapTest.StringStorage
[==========] Running 1 test from 1 test suite.
[----------] Global test environment set-up.
[----------] 1 test from HeapTest
[ RUN      ] HeapTest.StringStorage
[       OK ] HeapTest.StringStorage (33 ms)
[----------] 1 test from HeapTest (43 ms total)

[----------] Global test environment tear-down
[==========] 1 test from 1 test suite ran. (95 ms total)
[  PASSED  ] 1 test.
==934== 
==934== HEAP SUMMARY:
==934==     in use at exit: 0 bytes in 0 blocks
==934==   total heap usage: 471 allocs, 471 frees, 135,911 bytes allocated
==934== 
==934== All heap blocks were freed -- no leaks are possible
==934== 
==934== For counts of detected and suppressed errors, rerun with: -v
==934== ERROR SUMMARY: 0 errors from 0 contexts (suppressed: 0 from 0)
<end of output>
Test time =   1.47 sec
----------------------------------------------------------
Test Passed.
"HeapTest.StringStorage" end time: Feb 24 01:30 UTC
"HeapTest.StringStorage" time elapsed: 00:00:01
----------------------------------------------------------

45/50 Testing: HeapTest.FiveElementPush_TrinaryHeap
45/50 Test: HeapTest.FiveElementPush_TrinaryHeap
Command: "/usr/bin/valgrind" "--tool=memcheck" "--leak-check=yes" "--trace-children=no" "--error-exitcode=113" "/home/codio/workspace/hw3/hw3_tests/heap_tests/heap_tests" "--gtest_filter=HeapTest.FiveElementPush_TrinaryHeap"
Directory: /home/codio/workspace/hw3/hw3_tests/heap_tests
"HeapTest.FiveElementPush_TrinaryHeap" start time: Feb 24 01:30 UTC
Output:
----------------------------------------------------------
==935== Memcheck, a memory error detector
==935== Copyright (C) 2002-2017, and GNU GPL'd, by Julian Seward et al.
==935== Using Valgrind-3.13.0 and LibVEX; rerun with -h for copyright info
==935== Command: /home/codio/workspace/hw3/hw3_tests/heap_tests/heap_tests --gtest_filter=HeapTest.FiveElementPush_TrinaryHeap
==935== 
Running main() from /home/codio/googletest/googletest/src/gtest_main.cc
Note: Google Test filter = HeapTest.FiveElementPush_TrinaryHeap
[==========] Running 1 test from 1 test suite.
[----------] Global test environment set-up.
[----------] 1 test from HeapTest
[ RUN      ] HeapTest.FiveElementPush_TrinaryHeap
[       OK ] HeapTest.FiveElementPush_TrinaryHeap (37 ms)
[----------] 1 test from HeapTest (47 ms total)

[----------] Global test environment tear-down
[==========] 1 test from 1 test suite ran. (99 ms total)
[  PASSED  ] 1 test.
==935== 
==935== HEAP SUMMARY:
==935==     in use at exit: 0 bytes in 0 blocks
==935==   total heap usage: 472 allocs, 472 frees, 135,905 bytes allocated
==935== 
==935== All heap blocks were freed -- no leaks are possible
==935== 
==935== For counts of detected and suppressed errors, rerun with: -v
==935== ERROR SUMMARY: 0 errors from 0 contexts (suppressed: 0 from 0)
<end of output>
Test time =   1.54 sec
----------------------------------------------------------
Test Passed.
"HeapTest.FiveElementPush_TrinaryHeap" end time: Feb 24 01:30 UTC
"HeapTest.FiveElementPush_TrinaryHeap" time elapsed: 00:00:01
----------------------------------------------------------

46/50 Testing: HeapTest.SixElementPush_QuaternaryHeap
46/50 Test: HeapTest.SixElementPush_QuaternaryHeap
Command: "/usr/bin/valgrind" "--tool=memcheck" "--leak-check=yes" "--trace-children=no" "--error-exitcode=113" "/home/codio/workspace/hw3/hw3_tests/heap_tests/heap_tests" "--gtest_filter=HeapTest.SixElementPush_QuaternaryHeap"
Directory: /home/codio/workspace/hw3/hw3_tests/heap_tests
"HeapTest.SixElementPush_QuaternaryHeap" start time: Feb 24 01:30 UTC
Output:
----------------------------------------------------------
==936== Memcheck, a memory error detector
==936== Copyright (C) 2002-2017, and GNU GPL'd, by Julian Seward et al.
==936== Using Valgrind-3.13.0 and LibVEX; rerun with -h for copyright info
==936== Command: /home/codio/workspace/hw3/hw3_tests/heap_tests/heap_tests --gtest_filter=HeapTest.SixElementPush_QuaternaryHeap
==936== 
Running main() from /home/codio/googletest/googletest/src/gtest_main.cc
Note: Google Test filter = HeapTest.SixElementPush_QuaternaryHeap
[==========] Running 1 test from 1 test suite.
[----------] Global test environment set-up.
[----------] 1 test from HeapTest
[ RUN      ] HeapTest.SixElementPush_QuaternaryHeap
[       OK ] HeapTest.SixElementPush_QuaternaryHeap (36 ms)
[----------] 1 test from HeapTest (45 ms total)

[----------] Global test environment tear-down
[==========] 1 test from 1 test suite ran. (96 ms total)
[  PASSED  ] 1 test.
==936== 
==936== HEAP SUMMARY:
==936==     in use at exit: 0 bytes in 0 blocks
==936==   total heap usage: 472 allocs, 472 frees, 135,931 bytes allocated
==936== 
==936== All heap blocks were freed -- no leaks are possible
==936== 
==936== For counts of detected and suppressed errors, rerun with: -v
==936== ERROR SUMMARY: 0 errors from 0 contexts (suppressed: 0 from 0)
<end of output>
Test time =   1.48 sec
----------------------------------------------------------
Test Passed.
"HeapTest.SixElementPush_QuaternaryHeap" end time: Feb 24 01:30 UTC
"HeapTest.SixElementPush_QuaternaryHeap" time elapsed: 00:00:01
----------------------------------------------------------

47/50 Testing: HeapStress.50x50RandomElements_BinaryHeap
47/50 Test: HeapStress.50x50RandomElements_BinaryHeap
Command: "/usr/bin/valgrind" "--tool=memcheck" "--leak-check=yes" "--trace-children=no" "--error-exitcode=113" "/home/codio/workspace/hw3/hw3_tests/heap_tests/heap_tests" "--gtest_filter=HeapStress.50x50RandomElements_BinaryHeap"
Directory: /home/codio/workspace/hw3/hw3_tests/heap_tests
"HeapStress.50x50RandomElements_BinaryHeap" start time: Feb 24 01:30 UTC
Output:
----------------------------------------------------------
==937== Memcheck, a memory error detector
==937== Copyright (C) 2002-2017, and GNU GPL'd, by Julian Seward et al.
==937== Using Valgrind-3.13.0 and LibVEX; rerun with -h for copyright info
==937== Command: /home/codio/workspace/hw3/hw3_tests/heap_tests/heap_tests --gtest_filter=HeapStress.50x50RandomElements_BinaryHeap
==937== 
Running main() from /home/codio/googletest/googletest/src/gtest_main.cc
Note: Google Test filter = HeapStress.50x50RandomElements_BinaryHeap
[==========] Running 1 test from 1 test suite.
[----------] Global test environment set-up.
[----------] 1 test from HeapStress
[ RUN      ] HeapStress.50x50RandomElements_BinaryHeap
[       OK ] HeapStress.50x50RandomElements_BinaryHeap (197 ms)
[----------] 1 test from HeapStress (206 ms total)

[----------] Global test environment tear-down
[==========] 1 test from 1 test suite ran. (258 ms total)
[  PASSED  ] 1 test.
==937== 
==937== HEAP SUMMARY:
==937==     in use at exit: 0 bytes in 0 blocks
==937==   total heap usage: 969 allocs, 969 frees, 183,502 bytes allocated
==937== 
==937== All heap blocks were freed -- no leaks are possible
==937== 
==937== For counts of detected and suppressed errors, rerun with: -v
==937== ERROR SUMMARY: 0 errors from 0 contexts (suppressed: 0 from 0)
<end of output>
Test time =   1.63 sec
----------------------------------------------------------
Test Passed.
"HeapStress.50x50RandomElements_BinaryHeap" end time: Feb 24 01:30 UTC
"HeapStress.50x50RandomElements_BinaryHeap" time elapsed: 00:00:01
----------------------------------------------------------

48/50 Testing: HeapStress.50x50RandomElements_QuaternaryHeap
48/50 Test: HeapStress.50x50RandomElements_QuaternaryHeap
Command: "/usr/bin/valgrind" "--tool=memcheck" "--leak-check=yes" "--trace-children=no" "--error-exitcode=113" "/home/codio/workspace/hw3/hw3_tests/heap_tests/heap_tests" "--gtest_filter=HeapStress.50x50RandomElements_QuaternaryHeap"
Directory: /home/codio/workspace/hw3/hw3_tests/heap_tests
"HeapStress.50x50RandomElements_QuaternaryHeap" start time: Feb 24 01:30 UTC
Output:
----------------------------------------------------------
==938== Memcheck, a memory error detector
==938== Copyright (C) 2002-2017, and GNU GPL'd, by Julian Seward et al.
==938== Using Valgrind-3.13.0 and LibVEX; rerun with -h for copyright info
==938== Command: /home/codio/workspace/hw3/hw3_tests/heap_tests/heap_tests --gtest_filter=HeapStress.50x50RandomElements_QuaternaryHeap
==938== 
Running main() from /home/codio/googletest/googletest/src/gtest_main.cc
Note: Google Test filter = HeapStress.50x50RandomElements_QuaternaryHeap
[==========] Running 1 test from 1 test suite.
[----------] Global test environment set-up.
[----------] 1 test from HeapStress
[ RUN      ] HeapStress.50x50RandomElements_QuaternaryHeap
[       OK ] HeapStress.50x50RandomElements_QuaternaryHeap (201 ms)
[----------] 1 test from HeapStress (210 ms total)

[----------] Global test environment tear-down
[==========] 1 test from 1 test suite ran. (260 ms total)
[  PASSED  ] 1 test.
==938== 
==938== HEAP SUMMARY:
==938==     in use at exit: 0 bytes in 0 blocks
==938==   total heap usage: 969 allocs, 969 frees, 183,554 bytes allocated
==938== 
==938== All heap blocks were freed -- no leaks are possible
==938== 
==938== For counts of detected and suppressed errors, rerun with: -v
==938== ERROR SUMMARY: 0 errors from 0 contexts (suppressed: 0 from 0)
<end of output>
Test time =   1.63 sec
----------------------------------------------------------
Test Passed.
"HeapStress.50x50RandomElements_QuaternaryHeap" end time: Feb 24 01:30 UTC
"HeapStress.50x50RandomElements_QuaternaryHeap" time elapsed: 00:00:01
----------------------------------------------------------

49/50 Testing: HeapStress.50x50RandomElements_DodecenaryHeap
49/50 Test: HeapStress.50x50RandomElements_DodecenaryHeap
Command: "/usr/bin/valgrind" "--tool=memcheck" "--leak-check=yes" "--trace-children=no" "--error-exitcode=113" "/home/codio/workspace/hw3/hw3_tests/heap_tests/heap_tests" "--gtest_filter=HeapStress.50x50RandomElements_DodecenaryHeap"
Directory: /home/codio/workspace/hw3/hw3_tests/heap_tests
"HeapStress.50x50RandomElements_DodecenaryHeap" start time: Feb 24 01:30 UTC
Output:
----------------------------------------------------------
==939== Memcheck, a memory error detector
==939== Copyright (C) 2002-2017, and GNU GPL'd, by Julian Seward et al.
==939== Using Valgrind-3.13.0 and LibVEX; rerun with -h for copyright info
==939== Command: /home/codio/workspace/hw3/hw3_tests/heap_tests/heap_tests --gtest_filter=HeapStress.50x50RandomElements_DodecenaryHeap
==939== 
Running main() from /home/codio/googletest/googletest/src/gtest_main.cc
Note: Google Test filter = HeapStress.50x50RandomElements_DodecenaryHeap
[==========] Running 1 test from 1 test suite.
[----------] Global test environment set-up.
[----------] 1 test from HeapStress
[ RUN      ] HeapStress.50x50RandomElements_DodecenaryHeap
[       OK ] HeapStress.50x50RandomElements_DodecenaryHeap (195 ms)
[----------] 1 test from HeapStress (204 ms total)

[----------] Global test environment tear-down
[==========] 1 test from 1 test suite ran. (253 ms total)
[  PASSED  ] 1 test.
==939== 
==939== HEAP SUMMARY:
==939==     in use at exit: 0 bytes in 0 blocks
==939==   total heap usage: 969 allocs, 969 frees, 183,554 bytes allocated
==939== 
==939== All heap blocks were freed -- no leaks are possible
==939== 
==939== For counts of detected and suppressed errors, rerun with: -v
==939== ERROR SUMMARY: 0 errors from 0 contexts (suppressed: 0 from 0)
<end of output>
Test time =   1.61 sec
----------------------------------------------------------
Test Passed.
"HeapStress.50x50RandomElements_DodecenaryHeap" end time: Feb 24 01:30 UTC
"HeapStress.50x50RandomElements_DodecenaryHeap" time elapsed: 00:00:01
----------------------------------------------------------

50/50 Testing: HeapStress.2x2000RandomElements_Binary
50/50 Test: HeapStress.2x2000RandomElements_Binary
Command: "/usr/bin/valgrind" "--tool=memcheck" "--leak-check=yes" "--trace-children=no" "--error-exitcode=113" "/home/codio/workspace/hw3/hw3_tests/heap_tests/heap_tests" "--gtest_filter=HeapStress.2x2000RandomElements_Binary"
Directory: /home/codio/workspace/hw3/hw3_tests/heap_tests
"HeapStress.2x2000RandomElements_Binary" start time: Feb 24 01:30 UTC
Output:
----------------------------------------------------------
==940== Memcheck, a memory error detector
==940== Copyright (C) 2002-2017, and GNU GPL'd, by Julian Seward et al.
==940== Using Valgrind-3.13.0 and LibVEX; rerun with -h for copyright info
==940== Command: /home/codio/workspace/hw3/hw3_tests/heap_tests/heap_tests --gtest_filter=HeapStress.2x2000RandomElements_Binary
==940== 
Running main() from /home/codio/googletest/googletest/src/gtest_main.cc
Note: Google Test filter = HeapStress.2x2000RandomElements_Binary
[==========] Running 1 test from 1 test suite.
[----------] Global test environment set-up.
[----------] 1 test from HeapStress
[ RUN      ] HeapStress.2x2000RandomElements_Binary
[       OK ] HeapStress.2x2000RandomElements_Binary (268 ms)
[----------] 1 test from HeapStress (278 ms total)

[----------] Global test environment tear-down
[==========] 1 test from 1 test suite ran. (335 ms total)
[  PASSED  ] 1 test.
==940== 
==940== HEAP SUMMARY:
==940==     in use at exit: 0 bytes in 0 blocks
==940==   total heap usage: 499 allocs, 499 frees, 200,711 bytes allocated
==940== 
==940== All heap blocks were freed -- no leaks are possible
==940== 
==940== For counts of detected and suppressed errors, rerun with: -v
==940== ERROR SUMMARY: 0 errors from 0 contexts (suppressed: 0 from 0)
<end of output>
Test time =   1.76 sec
----------------------------------------------------------
Test Passed.
"HeapStress.2x2000RandomElements_Binary" end time: Feb 24 01:30 UTC
"HeapStress.2x2000RandomElements_Binary" time elapsed: 00:00:01
----------------------------------------------------------

End testing: Feb 24 01:30 UTC
